{"contracts/adapters/YearnVaultAdapter.sol":{"l":{"33":15,"34":15,"35":15,"36":15,"41":4,"42":4,"49":21,"56":8,"63":6,"73":4,"78":15,"79":15,"89":8,"98":4},"path":"/Users/shr1ftyy/Personal/Computing/bounties/alcx/alchemix-protocol/contracts/adapters/YearnVaultAdapter.sol","s":{"1":15,"2":15,"3":15,"4":15,"5":4,"6":21,"7":8,"8":6,"9":4,"10":15,"11":15,"12":8,"13":4},"b":{"1":[4,0]},"f":{"1":15,"2":4,"3":21,"4":8,"5":6,"6":4,"7":15,"8":8,"9":4},"fnMap":{"1":{"name":"constructor","line":32,"loc":{"start":{"line":32,"column":2},"end":{"line":37,"column":2}}},"2":{"name":"onlyAdmin","line":40,"loc":{"start":{"line":40,"column":2},"end":{"line":43,"column":2}}},"3":{"name":"token","line":48,"loc":{"start":{"line":48,"column":2},"end":{"line":50,"column":2}}},"4":{"name":"totalValue","line":55,"loc":{"start":{"line":55,"column":2},"end":{"line":57,"column":2}}},"5":{"name":"deposit","line":62,"loc":{"start":{"line":62,"column":2},"end":{"line":64,"column":2}}},"6":{"name":"withdraw","line":72,"loc":{"start":{"line":72,"column":2},"end":{"line":74,"column":2}}},"7":{"name":"updateApproval","line":77,"loc":{"start":{"line":77,"column":2},"end":{"line":80,"column":2}}},"8":{"name":"_sharesToTokens","line":88,"loc":{"start":{"line":88,"column":2},"end":{"line":90,"column":2}}},"9":{"name":"_tokensToShares","line":97,"loc":{"start":{"line":97,"column":2},"end":{"line":99,"column":2}}}},"statementMap":{"1":{"start":{"line":33,"column":4},"end":{"line":33,"column":17}},"2":{"start":{"line":34,"column":4},"end":{"line":34,"column":17}},"3":{"start":{"line":35,"column":4},"end":{"line":35,"column":19}},"4":{"start":{"line":36,"column":4},"end":{"line":36,"column":31}},"5":{"start":{"line":41,"column":4},"end":{"line":41,"column":64}},"6":{"start":{"line":49,"column":4},"end":{"line":49,"column":40}},"7":{"start":{"line":56,"column":4},"end":{"line":56,"column":58}},"8":{"start":{"line":63,"column":4},"end":{"line":63,"column":25}},"9":{"start":{"line":73,"column":4},"end":{"line":73,"column":54}},"10":{"start":{"line":78,"column":4},"end":{"line":78,"column":34}},"11":{"start":{"line":79,"column":4},"end":{"line":79,"column":66}},"12":{"start":{"line":89,"column":4},"end":{"line":89,"column":69}},"13":{"start":{"line":98,"column":4},"end":{"line":98,"column":69}}},"branchMap":{"1":{"line":41,"type":"if","locations":[{"start":{"line":41,"column":4},"end":{"line":41,"column":4}},{"start":{"line":41,"column":4},"end":{"line":41,"column":4}}]}}},"contracts/adapters/YearnVaultAdapterEth.sol":{"l":{"33":0,"34":0,"35":0,"36":0,"41":0,"42":0,"49":0,"56":0,"63":0,"73":0,"78":0,"79":0,"89":0,"98":0},"path":"/Users/shr1ftyy/Personal/Computing/bounties/alcx/alchemix-protocol/contracts/adapters/YearnVaultAdapterEth.sol","s":{"1":0,"2":0,"3":0,"4":0,"5":0,"6":0,"7":0,"8":0,"9":0,"10":0,"11":0,"12":0,"13":0},"b":{"1":[0,0]},"f":{"1":0,"2":0,"3":0,"4":0,"5":0,"6":0,"7":0,"8":0,"9":0},"fnMap":{"1":{"name":"constructor","line":32,"loc":{"start":{"line":32,"column":2},"end":{"line":37,"column":2}}},"2":{"name":"onlyAdmin","line":40,"loc":{"start":{"line":40,"column":2},"end":{"line":43,"column":2}}},"3":{"name":"token","line":48,"loc":{"start":{"line":48,"column":2},"end":{"line":50,"column":2}}},"4":{"name":"totalValue","line":55,"loc":{"start":{"line":55,"column":2},"end":{"line":57,"column":2}}},"5":{"name":"deposit","line":62,"loc":{"start":{"line":62,"column":2},"end":{"line":64,"column":2}}},"6":{"name":"withdraw","line":72,"loc":{"start":{"line":72,"column":2},"end":{"line":74,"column":2}}},"7":{"name":"updateApproval","line":77,"loc":{"start":{"line":77,"column":2},"end":{"line":80,"column":2}}},"8":{"name":"_sharesToTokens","line":88,"loc":{"start":{"line":88,"column":2},"end":{"line":90,"column":2}}},"9":{"name":"_tokensToShares","line":97,"loc":{"start":{"line":97,"column":2},"end":{"line":99,"column":2}}}},"statementMap":{"1":{"start":{"line":33,"column":4},"end":{"line":33,"column":17}},"2":{"start":{"line":34,"column":4},"end":{"line":34,"column":17}},"3":{"start":{"line":35,"column":4},"end":{"line":35,"column":19}},"4":{"start":{"line":36,"column":4},"end":{"line":36,"column":31}},"5":{"start":{"line":41,"column":4},"end":{"line":41,"column":64}},"6":{"start":{"line":49,"column":4},"end":{"line":49,"column":40}},"7":{"start":{"line":56,"column":4},"end":{"line":56,"column":58}},"8":{"start":{"line":63,"column":4},"end":{"line":63,"column":25}},"9":{"start":{"line":73,"column":4},"end":{"line":73,"column":54}},"10":{"start":{"line":78,"column":4},"end":{"line":78,"column":34}},"11":{"start":{"line":79,"column":4},"end":{"line":79,"column":66}},"12":{"start":{"line":89,"column":4},"end":{"line":89,"column":69}},"13":{"start":{"line":98,"column":4},"end":{"line":98,"column":69}}},"branchMap":{"1":{"line":41,"type":"if","locations":[{"start":{"line":41,"column":4},"end":{"line":41,"column":4}},{"start":{"line":41,"column":4},"end":{"line":41,"column":4}}]}}},"contracts/adapters/YearnVaultAdapterWithIndirection.sol":{"l":{"35":0},"path":"/Users/shr1ftyy/Personal/Computing/bounties/alcx/alchemix-protocol/contracts/adapters/YearnVaultAdapterWithIndirection.sol","s":{"1":0},"b":{},"f":{"1":0,"2":0},"fnMap":{"1":{"name":"constructor","line":25,"loc":{"start":{"line":25,"column":4},"end":{"line":26,"column":4}}},"2":{"name":"indirectWithdraw","line":34,"loc":{"start":{"line":34,"column":4},"end":{"line":36,"column":4}}}},"statementMap":{"1":{"start":{"line":35,"column":8},"end":{"line":35,"column":63}}},"branchMap":{}},"contracts/adapters/YearnVaultAdapterWithIndirectionEth.sol":{"l":{"35":0},"path":"/Users/shr1ftyy/Personal/Computing/bounties/alcx/alchemix-protocol/contracts/adapters/YearnVaultAdapterWithIndirectionEth.sol","s":{"1":0},"b":{},"f":{"1":0,"2":0},"fnMap":{"1":{"name":"constructor","line":25,"loc":{"start":{"line":25,"column":4},"end":{"line":26,"column":4}}},"2":{"name":"indirectWithdraw","line":34,"loc":{"start":{"line":34,"column":4},"end":{"line":36,"column":4}}}},"statementMap":{"1":{"start":{"line":35,"column":8},"end":{"line":35,"column":63}}},"branchMap":{}},"contracts/Alchemist.sol":{"l":{"210":451,"211":450,"213":450,"214":450,"215":450,"216":450,"217":450,"220":450,"221":450,"222":450,"233":1,"235":0,"237":0,"244":0,"245":0,"246":0,"248":0,"253":0,"255":0,"257":0,"269":180,"271":179,"273":179,"279":0,"292":137,"294":136,"296":136,"308":136,"310":135,"312":135,"323":111,"324":110,"326":109,"328":109,"332":0,"333":0,"339":3,"341":3,"343":3,"352":1,"362":133,"364":133,"365":133,"367":133,"369":133,"380":8,"390":3,"392":3,"394":3,"395":2,"396":2,"398":2,"399":2,"401":2,"402":2,"405":2,"406":2,"412":3,"414":3,"424":3,"433":5,"434":5,"447":16,"449":16,"460":19,"461":19,"463":19,"465":19,"476":256,"478":256,"479":256,"481":256,"482":256,"483":1,"485":256,"487":256,"488":256,"490":256,"501":7,"502":7,"504":7,"506":7,"508":6,"509":6,"510":5,"511":1,"513":5,"515":5,"523":5,"524":5,"526":5,"527":3,"528":3,"531":4,"532":3,"534":3,"537":4,"538":4,"540":4,"547":4,"548":4,"551":4,"552":1,"554":4,"556":4,"558":4,"559":4,"560":4,"562":4,"574":226,"575":226,"577":226,"579":226,"580":226,"581":226,"582":226,"584":226,"586":0,"589":225,"590":222,"591":1,"599":1,"608":1,"609":1,"618":0,"619":0,"628":2,"629":2,"638":3,"639":3,"648":0,"649":0,"658":0,"659":0,"665":9,"666":9,"668":9,"674":235,"675":0,"676":0,"678":235,"684":498,"685":498,"691":535,"692":534,"699":0,"706":712,"707":706,"716":141,"717":140,"719":139,"724":139,"734":8,"736":7,"737":7,"739":7,"741":7,"754":11,"756":11,"757":7,"760":11,"761":11,"763":11,"766":11,"767":2,"768":2,"773":1,"774":1,"777":10,"779":10},"path":"/Users/shr1ftyy/Personal/Computing/bounties/alcx/alchemix-protocol/contracts/Alchemist.sol","s":{"1":451,"2":450,"3":450,"4":450,"5":450,"6":450,"7":450,"8":450,"9":450,"10":450,"11":1,"12":0,"13":0,"14":0,"15":0,"16":0,"17":0,"18":0,"19":0,"20":0,"21":180,"22":179,"23":179,"24":0,"25":137,"26":136,"27":136,"28":136,"29":135,"30":135,"31":111,"32":110,"33":109,"34":109,"35":0,"36":0,"37":3,"38":3,"39":3,"40":1,"41":133,"42":133,"43":133,"44":133,"45":133,"46":8,"47":3,"48":3,"49":3,"50":2,"51":2,"52":2,"53":2,"54":2,"55":2,"56":2,"57":2,"58":3,"59":3,"60":3,"61":5,"62":5,"63":16,"64":16,"65":19,"66":19,"67":19,"68":19,"69":256,"70":256,"71":256,"72":256,"73":256,"74":1,"75":256,"76":256,"77":256,"78":256,"79":7,"80":7,"81":7,"82":7,"83":6,"84":6,"85":5,"86":1,"87":5,"88":5,"89":5,"90":5,"91":5,"92":3,"93":3,"94":4,"95":3,"96":3,"97":4,"98":4,"99":4,"100":4,"101":4,"102":4,"103":1,"104":4,"105":4,"106":4,"107":4,"108":4,"109":4,"110":226,"111":226,"112":226,"113":226,"114":226,"115":226,"116":226,"117":226,"118":0,"119":225,"120":222,"121":1,"122":1,"123":1,"124":1,"125":0,"126":0,"127":2,"128":2,"129":3,"130":3,"131":0,"132":0,"133":0,"134":0,"135":9,"136":9,"137":9,"138":235,"139":0,"140":0,"141":498,"142":535,"143":0,"144":712,"145":141,"146":140,"147":139,"148":139,"149":8,"150":7,"151":7,"152":7,"153":7,"154":11,"155":11,"156":7,"157":11,"158":11,"159":11,"160":11,"161":2,"162":2,"163":1,"164":1,"165":10,"166":10},"b":{"1":[450,1],"2":[450,0],"3":[0,1],"4":[0,0],"5":[0,0],"6":[179,1],"7":[136,1],"8":[135,1],"9":[110,1],"10":[109,1],"11":[3,0],"12":[133,0],"13":[133,0],"14":[133,0],"15":[2,1],"16":[2,0],"17":[2,0],"18":[16,0],"19":[256,0],"20":[1,255],"21":[7,0],"22":[1,4],"23":[3,2],"24":[3,1],"25":[1,3],"26":[226,0],"27":[1,221],"28":[0,235],"29":[0,0],"30":[498,0],"31":[534,1],"32":[0,0],"33":[706,6],"34":[140,1],"35":[139,1],"36":[7,1],"37":[7,4],"38":[2,9]},"f":{"1":451,"2":1,"3":0,"4":0,"5":180,"6":0,"7":137,"8":136,"9":111,"10":0,"11":3,"12":1,"13":133,"14":8,"15":3,"16":3,"17":5,"18":16,"19":19,"20":256,"21":7,"22":5,"23":4,"24":226,"25":1,"26":1,"27":0,"28":2,"29":3,"30":0,"31":0,"32":9,"33":235,"34":498,"35":535,"36":0,"37":712,"38":141,"39":8,"40":11},"fnMap":{"1":{"name":"constructor","line":198,"loc":{"start":{"line":198,"column":2},"end":{"line":223,"column":2}}},"2":{"name":"setPendingGovernance","line":232,"loc":{"start":{"line":232,"column":2},"end":{"line":238,"column":2}}},"3":{"name":"acceptGovernance","line":243,"loc":{"start":{"line":243,"column":2},"end":{"line":249,"column":2}}},"4":{"name":"setSentinel","line":251,"loc":{"start":{"line":251,"column":2},"end":{"line":258,"column":2}}},"5":{"name":"setTransmuter","line":265,"loc":{"start":{"line":265,"column":2},"end":{"line":274,"column":2}}},"6":{"name":"setFlushActivator","line":278,"loc":{"start":{"line":278,"column":2},"end":{"line":281,"column":2}}},"7":{"name":"setRewards","line":288,"loc":{"start":{"line":288,"column":2},"end":{"line":297,"column":2}}},"8":{"name":"setHarvestFee","line":304,"loc":{"start":{"line":304,"column":2},"end":{"line":313,"column":2}}},"9":{"name":"setCollateralizationLimit","line":321,"loc":{"start":{"line":321,"column":2},"end":{"line":329,"column":2}}},"10":{"name":"setOracleAddress","line":331,"loc":{"start":{"line":331,"column":2},"end":{"line":334,"column":2}}},"11":{"name":"setEmergencyExit","line":338,"loc":{"start":{"line":338,"column":2},"end":{"line":344,"column":2}}},"12":{"name":"collateralizationLimit","line":351,"loc":{"start":{"line":351,"column":2},"end":{"line":353,"column":2}}},"13":{"name":"initialize","line":360,"loc":{"start":{"line":360,"column":2},"end":{"line":370,"column":2}}},"14":{"name":"migrate","line":378,"loc":{"start":{"line":378,"column":2},"end":{"line":381,"column":2}}},"15":{"name":"harvest","line":388,"loc":{"start":{"line":388,"column":2},"end":{"line":415,"column":2}}},"16":{"name":"recall","line":422,"loc":{"start":{"line":422,"column":2},"end":{"line":425,"column":2}}},"17":{"name":"recallAll","line":432,"loc":{"start":{"line":432,"column":2},"end":{"line":435,"column":2}}},"18":{"name":"flush","line":443,"loc":{"start":{"line":443,"column":2},"end":{"line":450,"column":2}}},"19":{"name":"flushActiveVault","line":458,"loc":{"start":{"line":458,"column":2},"end":{"line":466,"column":2}}},"20":{"name":"deposit","line":474,"loc":{"start":{"line":474,"column":2},"end":{"line":491,"column":2}}},"21":{"name":"withdraw","line":499,"loc":{"start":{"line":499,"column":2},"end":{"line":516,"column":2}}},"22":{"name":"repay","line":521,"loc":{"start":{"line":521,"column":2},"end":{"line":541,"column":2}}},"23":{"name":"liquidate","line":546,"loc":{"start":{"line":546,"column":2},"end":{"line":563,"column":2}}},"24":{"name":"mint","line":572,"loc":{"start":{"line":572,"column":2},"end":{"line":593,"column":2}}},"25":{"name":"vaultCount","line":598,"loc":{"start":{"line":598,"column":2},"end":{"line":600,"column":2}}},"26":{"name":"getVaultAdapter","line":607,"loc":{"start":{"line":607,"column":2},"end":{"line":610,"column":2}}},"27":{"name":"getVaultTotalDeposited","line":617,"loc":{"start":{"line":617,"column":2},"end":{"line":620,"column":2}}},"28":{"name":"getCdpTotalDeposited","line":627,"loc":{"start":{"line":627,"column":2},"end":{"line":630,"column":2}}},"29":{"name":"getCdpTotalDebt","line":637,"loc":{"start":{"line":637,"column":2},"end":{"line":640,"column":2}}},"30":{"name":"getCdpTotalCredit","line":647,"loc":{"start":{"line":647,"column":2},"end":{"line":650,"column":2}}},"31":{"name":"getCdpLastDeposit","line":657,"loc":{"start":{"line":657,"column":2},"end":{"line":660,"column":2}}},"32":{"name":"_distributeToTransmuter","line":664,"loc":{"start":{"line":664,"column":2},"end":{"line":669,"column":2}}},"33":{"name":"onLinkCheck","line":673,"loc":{"start":{"line":673,"column":2},"end":{"line":679,"column":2}}},"34":{"name":"noContractAllowed","line":683,"loc":{"start":{"line":683,"column":2},"end":{"line":686,"column":2}}},"35":{"name":"expectInitialized","line":690,"loc":{"start":{"line":690,"column":2},"end":{"line":693,"column":2}}},"36":{"name":"_expectCaller","line":698,"loc":{"start":{"line":698,"column":2},"end":{"line":700,"column":2}}},"37":{"name":"onlyGov","line":705,"loc":{"start":{"line":705,"column":2},"end":{"line":708,"column":2}}},"38":{"name":"_updateActiveVault","line":715,"loc":{"start":{"line":715,"column":2},"end":{"line":725,"column":2}}},"39":{"name":"_recallFunds","line":733,"loc":{"start":{"line":733,"column":2},"end":{"line":742,"column":2}}},"40":{"name":"_withdrawFundsTo","line":752,"loc":{"start":{"line":752,"column":2},"end":{"line":780,"column":2}}}},"statementMap":{"1":{"start":{"line":210,"column":4},"end":{"line":210,"column":87}},"2":{"start":{"line":211,"column":4},"end":{"line":211,"column":83}},"3":{"start":{"line":213,"column":4},"end":{"line":213,"column":17}},"4":{"start":{"line":214,"column":4},"end":{"line":214,"column":19}},"5":{"start":{"line":215,"column":4},"end":{"line":215,"column":27}},"6":{"start":{"line":216,"column":4},"end":{"line":216,"column":23}},"7":{"start":{"line":217,"column":4},"end":{"line":217,"column":32}},"8":{"start":{"line":220,"column":4},"end":{"line":220,"column":63}},"9":{"start":{"line":221,"column":4},"end":{"line":221,"column":72}},"10":{"start":{"line":222,"column":4},"end":{"line":222,"column":63}},"11":{"start":{"line":233,"column":4},"end":{"line":233,"column":94}},"12":{"start":{"line":235,"column":4},"end":{"line":235,"column":41}},"13":{"start":{"line":237,"column":4},"end":{"line":237,"column":53}},"14":{"start":{"line":244,"column":4},"end":{"line":244,"column":77}},"15":{"start":{"line":245,"column":4},"end":{"line":245,"column":50}},"16":{"start":{"line":246,"column":4},"end":{"line":246,"column":34}},"17":{"start":{"line":248,"column":4},"end":{"line":248,"column":46}},"18":{"start":{"line":253,"column":4},"end":{"line":253,"column":83}},"19":{"start":{"line":255,"column":4},"end":{"line":255,"column":23}},"20":{"start":{"line":257,"column":4},"end":{"line":257,"column":35}},"21":{"start":{"line":269,"column":4},"end":{"line":269,"column":87}},"22":{"start":{"line":271,"column":4},"end":{"line":271,"column":27}},"23":{"start":{"line":273,"column":4},"end":{"line":273,"column":39}},"24":{"start":{"line":279,"column":4},"end":{"line":279,"column":35}},"25":{"start":{"line":292,"column":4},"end":{"line":292,"column":81}},"26":{"start":{"line":294,"column":4},"end":{"line":294,"column":21}},"27":{"start":{"line":296,"column":4},"end":{"line":296,"column":33}},"28":{"start":{"line":308,"column":4},"end":{"line":308,"column":86}},"29":{"start":{"line":310,"column":4},"end":{"line":310,"column":27}},"30":{"start":{"line":312,"column":4},"end":{"line":312,"column":39}},"31":{"start":{"line":323,"column":4},"end":{"line":323,"column":106}},"32":{"start":{"line":324,"column":4},"end":{"line":324,"column":106}},"33":{"start":{"line":326,"column":4},"end":{"line":326,"column":68}},"34":{"start":{"line":328,"column":4},"end":{"line":328,"column":46}},"35":{"start":{"line":332,"column":4},"end":{"line":332,"column":26}},"36":{"start":{"line":333,"column":4},"end":{"line":333,"column":19}},"37":{"start":{"line":339,"column":4},"end":{"line":339,"column":66}},"38":{"start":{"line":341,"column":4},"end":{"line":341,"column":33}},"39":{"start":{"line":343,"column":4},"end":{"line":343,"column":45}},"40":{"start":{"line":352,"column":4},"end":{"line":352,"column":38}},"41":{"start":{"line":362,"column":4},"end":{"line":362,"column":58}},"42":{"start":{"line":364,"column":4},"end":{"line":364,"column":96}},"43":{"start":{"line":365,"column":4},"end":{"line":365,"column":90}},"44":{"start":{"line":367,"column":4},"end":{"line":367,"column":31}},"45":{"start":{"line":369,"column":4},"end":{"line":369,"column":21}},"46":{"start":{"line":380,"column":4},"end":{"line":380,"column":31}},"47":{"start":{"line":390,"column":4},"end":{"line":390,"column":53}},"48":{"start":{"line":392,"column":4},"end":{"line":392,"column":87}},"49":{"start":{"line":394,"column":4},"end":{"line":394,"column":14439}},"50":{"start":{"line":395,"column":6},"end":{"line":395,"column":83}},"51":{"start":{"line":396,"column":6},"end":{"line":396,"column":66}},"52":{"start":{"line":398,"column":6},"end":{"line":398,"column":113}},"53":{"start":{"line":399,"column":6},"end":{"line":399,"column":75}},"54":{"start":{"line":401,"column":6},"end":{"line":401,"column":14823}},"55":{"start":{"line":402,"column":8},"end":{"line":402,"column":46}},"56":{"start":{"line":405,"column":6},"end":{"line":405,"column":14909}},"57":{"start":{"line":406,"column":8},"end":{"line":406,"column":49}},"58":{"start":{"line":412,"column":4},"end":{"line":412,"column":58}},"59":{"start":{"line":414,"column":4},"end":{"line":414,"column":46}},"60":{"start":{"line":424,"column":4},"end":{"line":424,"column":42}},"61":{"start":{"line":433,"column":4},"end":{"line":433,"column":53}},"62":{"start":{"line":434,"column":4},"end":{"line":434,"column":56}},"63":{"start":{"line":447,"column":4},"end":{"line":447,"column":53}},"64":{"start":{"line":449,"column":4},"end":{"line":449,"column":29}},"65":{"start":{"line":460,"column":4},"end":{"line":460,"column":52}},"66":{"start":{"line":461,"column":4},"end":{"line":461,"column":56}},"67":{"start":{"line":463,"column":4},"end":{"line":463,"column":39}},"68":{"start":{"line":465,"column":4},"end":{"line":465,"column":27}},"69":{"start":{"line":476,"column":4},"end":{"line":476,"column":53}},"70":{"start":{"line":478,"column":4},"end":{"line":478,"column":45}},"71":{"start":{"line":479,"column":4},"end":{"line":479,"column":20}},"72":{"start":{"line":481,"column":4},"end":{"line":481,"column":61}},"73":{"start":{"line":482,"column":4},"end":{"line":482,"column":17828}},"74":{"start":{"line":483,"column":6},"end":{"line":483,"column":23}},"75":{"start":{"line":485,"column":4},"end":{"line":485,"column":47}},"76":{"start":{"line":487,"column":4},"end":{"line":487,"column":57}},"77":{"start":{"line":488,"column":4},"end":{"line":488,"column":34}},"78":{"start":{"line":490,"column":4},"end":{"line":490,"column":45}},"79":{"start":{"line":501,"column":4},"end":{"line":501,"column":45}},"80":{"start":{"line":502,"column":4},"end":{"line":502,"column":47}},"81":{"start":{"line":504,"column":4},"end":{"line":504,"column":20}},"82":{"start":{"line":506,"column":4},"end":{"line":506,"column":95}},"83":{"start":{"line":508,"column":4},"end":{"line":508,"column":96}},"84":{"start":{"line":509,"column":4},"end":{"line":509,"column":78}},"85":{"start":{"line":510,"column":4},"end":{"line":510,"column":18918}},"86":{"start":{"line":511,"column":6},"end":{"line":511,"column":23}},"87":{"start":{"line":513,"column":4},"end":{"line":513,"column":80}},"88":{"start":{"line":515,"column":4},"end":{"line":515,"column":46}},"89":{"start":{"line":523,"column":4},"end":{"line":523,"column":45}},"90":{"start":{"line":524,"column":4},"end":{"line":524,"column":20}},"91":{"start":{"line":526,"column":4},"end":{"line":526,"column":19472}},"92":{"start":{"line":527,"column":6},"end":{"line":527,"column":69}},"93":{"start":{"line":528,"column":6},"end":{"line":528,"column":43}},"94":{"start":{"line":531,"column":4},"end":{"line":531,"column":19626}},"95":{"start":{"line":532,"column":6},"end":{"line":532,"column":46}},"96":{"start":{"line":534,"column":6},"end":{"line":534,"column":40}},"97":{"start":{"line":537,"column":4},"end":{"line":537,"column":58}},"98":{"start":{"line":538,"column":4},"end":{"line":538,"column":56}},"99":{"start":{"line":540,"column":4},"end":{"line":540,"column":62}},"100":{"start":{"line":547,"column":4},"end":{"line":547,"column":45}},"101":{"start":{"line":548,"column":4},"end":{"line":548,"column":20}},"102":{"start":{"line":551,"column":4},"end":{"line":551,"column":20399}},"103":{"start":{"line":552,"column":6},"end":{"line":552,"column":29}},"104":{"start":{"line":554,"column":4},"end":{"line":554,"column":98}},"105":{"start":{"line":556,"column":4},"end":{"line":556,"column":44}},"106":{"start":{"line":558,"column":4},"end":{"line":558,"column":69}},"107":{"start":{"line":559,"column":4},"end":{"line":559,"column":60}},"108":{"start":{"line":560,"column":4},"end":{"line":560,"column":81}},"109":{"start":{"line":562,"column":4},"end":{"line":562,"column":46}},"110":{"start":{"line":574,"column":4},"end":{"line":574,"column":45}},"111":{"start":{"line":575,"column":4},"end":{"line":575,"column":20}},"112":{"start":{"line":577,"column":4},"end":{"line":577,"column":43}},"113":{"start":{"line":579,"column":4},"end":{"line":579,"column":21478}},"114":{"start":{"line":580,"column":6},"end":{"line":580,"column":58}},"115":{"start":{"line":581,"column":6},"end":{"line":581,"column":58}},"116":{"start":{"line":582,"column":6},"end":{"line":582,"column":25}},"117":{"start":{"line":584,"column":6},"end":{"line":584,"column":70}},"118":{"start":{"line":586,"column":6},"end":{"line":586,"column":49}},"119":{"start":{"line":589,"column":4},"end":{"line":589,"column":35}},"120":{"start":{"line":590,"column":4},"end":{"line":590,"column":21845}},"121":{"start":{"line":591,"column":6},"end":{"line":591,"column":23}},"122":{"start":{"line":599,"column":4},"end":{"line":599,"column":27}},"123":{"start":{"line":608,"column":4},"end":{"line":608,"column":53}},"124":{"start":{"line":609,"column":4},"end":{"line":609,"column":25}},"125":{"start":{"line":618,"column":4},"end":{"line":618,"column":53}},"126":{"start":{"line":619,"column":4},"end":{"line":619,"column":32}},"127":{"start":{"line":628,"column":4},"end":{"line":628,"column":43}},"128":{"start":{"line":629,"column":4},"end":{"line":629,"column":30}},"129":{"start":{"line":638,"column":4},"end":{"line":638,"column":43}},"130":{"start":{"line":639,"column":4},"end":{"line":639,"column":41}},"131":{"start":{"line":648,"column":4},"end":{"line":648,"column":43}},"132":{"start":{"line":649,"column":4},"end":{"line":649,"column":43}},"133":{"start":{"line":658,"column":4},"end":{"line":658,"column":43}},"134":{"start":{"line":659,"column":4},"end":{"line":659,"column":27}},"135":{"start":{"line":665,"column":8},"end":{"line":665,"column":39}},"136":{"start":{"line":666,"column":8},"end":{"line":666,"column":63}},"137":{"start":{"line":668,"column":8},"end":{"line":668,"column":36}},"138":{"start":{"line":674,"column":4},"end":{"line":674,"column":24708}},"139":{"start":{"line":675,"column":6},"end":{"line":675,"column":79}},"140":{"start":{"line":676,"column":6},"end":{"line":676,"column":61}},"141":{"start":{"line":684,"column":4},"end":{"line":684,"column":108}},"142":{"start":{"line":691,"column":4},"end":{"line":691,"column":54}},"143":{"start":{"line":699,"column":4},"end":{"line":699,"column":45}},"144":{"start":{"line":706,"column":4},"end":{"line":706,"column":67}},"145":{"start":{"line":716,"column":4},"end":{"line":716,"column":101}},"146":{"start":{"line":717,"column":4},"end":{"line":717,"column":67}},"147":{"start":{"line":719,"column":4},"end":{"line":719,"column":26441}},"148":{"start":{"line":724,"column":4},"end":{"line":724,"column":37}},"149":{"start":{"line":734,"column":4},"end":{"line":734,"column":204}},"150":{"start":{"line":736,"column":4},"end":{"line":736,"column":53}},"151":{"start":{"line":737,"column":4},"end":{"line":737,"column":97}},"152":{"start":{"line":739,"column":4},"end":{"line":739,"column":67}},"153":{"start":{"line":741,"column":4},"end":{"line":741,"column":46}},"154":{"start":{"line":754,"column":4},"end":{"line":754,"column":79}},"155":{"start":{"line":756,"column":4},"end":{"line":756,"column":28163}},"156":{"start":{"line":757,"column":6},"end":{"line":757,"column":52}},"157":{"start":{"line":760,"column":4},"end":{"line":760,"column":45}},"158":{"start":{"line":761,"column":4},"end":{"line":761,"column":50}},"159":{"start":{"line":763,"column":4},"end":{"line":763,"column":59}},"160":{"start":{"line":766,"column":4},"end":{"line":766,"column":28481}},"161":{"start":{"line":767,"column":6},"end":{"line":767,"column":54}},"162":{"start":{"line":768,"column":6},"end":{"line":768,"column":28574}},"163":{"start":{"line":773,"column":6},"end":{"line":773,"column":59}},"164":{"start":{"line":774,"column":6},"end":{"line":774,"column":69}},"165":{"start":{"line":777,"column":4},"end":{"line":777,"column":60}},"166":{"start":{"line":779,"column":4},"end":{"line":779,"column":50}}},"branchMap":{"1":{"line":210,"type":"if","locations":[{"start":{"line":210,"column":4},"end":{"line":210,"column":4}},{"start":{"line":210,"column":4},"end":{"line":210,"column":4}}]},"2":{"line":211,"type":"if","locations":[{"start":{"line":211,"column":4},"end":{"line":211,"column":4}},{"start":{"line":211,"column":4},"end":{"line":211,"column":4}}]},"3":{"line":233,"type":"if","locations":[{"start":{"line":233,"column":4},"end":{"line":233,"column":4}},{"start":{"line":233,"column":4},"end":{"line":233,"column":4}}]},"4":{"line":244,"type":"if","locations":[{"start":{"line":244,"column":4},"end":{"line":244,"column":4}},{"start":{"line":244,"column":4},"end":{"line":244,"column":4}}]},"5":{"line":253,"type":"if","locations":[{"start":{"line":253,"column":4},"end":{"line":253,"column":4}},{"start":{"line":253,"column":4},"end":{"line":253,"column":4}}]},"6":{"line":269,"type":"if","locations":[{"start":{"line":269,"column":4},"end":{"line":269,"column":4}},{"start":{"line":269,"column":4},"end":{"line":269,"column":4}}]},"7":{"line":292,"type":"if","locations":[{"start":{"line":292,"column":4},"end":{"line":292,"column":4}},{"start":{"line":292,"column":4},"end":{"line":292,"column":4}}]},"8":{"line":308,"type":"if","locations":[{"start":{"line":308,"column":4},"end":{"line":308,"column":4}},{"start":{"line":308,"column":4},"end":{"line":308,"column":4}}]},"9":{"line":323,"type":"if","locations":[{"start":{"line":323,"column":4},"end":{"line":323,"column":4}},{"start":{"line":323,"column":4},"end":{"line":323,"column":4}}]},"10":{"line":324,"type":"if","locations":[{"start":{"line":324,"column":4},"end":{"line":324,"column":4}},{"start":{"line":324,"column":4},"end":{"line":324,"column":4}}]},"11":{"line":339,"type":"if","locations":[{"start":{"line":339,"column":4},"end":{"line":339,"column":4}},{"start":{"line":339,"column":4},"end":{"line":339,"column":4}}]},"12":{"line":362,"type":"if","locations":[{"start":{"line":362,"column":4},"end":{"line":362,"column":4}},{"start":{"line":362,"column":4},"end":{"line":362,"column":4}}]},"13":{"line":364,"type":"if","locations":[{"start":{"line":364,"column":4},"end":{"line":364,"column":4}},{"start":{"line":364,"column":4},"end":{"line":364,"column":4}}]},"14":{"line":365,"type":"if","locations":[{"start":{"line":365,"column":4},"end":{"line":365,"column":4}},{"start":{"line":365,"column":4},"end":{"line":365,"column":4}}]},"15":{"line":394,"type":"if","locations":[{"start":{"line":394,"column":4},"end":{"line":394,"column":4}},{"start":{"line":394,"column":4},"end":{"line":394,"column":4}}]},"16":{"line":401,"type":"if","locations":[{"start":{"line":401,"column":6},"end":{"line":401,"column":6}},{"start":{"line":401,"column":6},"end":{"line":401,"column":6}}]},"17":{"line":405,"type":"if","locations":[{"start":{"line":405,"column":6},"end":{"line":405,"column":6}},{"start":{"line":405,"column":6},"end":{"line":405,"column":6}}]},"18":{"line":447,"type":"if","locations":[{"start":{"line":447,"column":4},"end":{"line":447,"column":4}},{"start":{"line":447,"column":4},"end":{"line":447,"column":4}}]},"19":{"line":476,"type":"if","locations":[{"start":{"line":476,"column":4},"end":{"line":476,"column":4}},{"start":{"line":476,"column":4},"end":{"line":476,"column":4}}]},"20":{"line":482,"type":"if","locations":[{"start":{"line":482,"column":4},"end":{"line":482,"column":4}},{"start":{"line":482,"column":4},"end":{"line":482,"column":4}}]},"21":{"line":502,"type":"if","locations":[{"start":{"line":502,"column":4},"end":{"line":502,"column":4}},{"start":{"line":502,"column":4},"end":{"line":502,"column":4}}]},"22":{"line":510,"type":"if","locations":[{"start":{"line":510,"column":4},"end":{"line":510,"column":4}},{"start":{"line":510,"column":4},"end":{"line":510,"column":4}}]},"23":{"line":526,"type":"if","locations":[{"start":{"line":526,"column":4},"end":{"line":526,"column":4}},{"start":{"line":526,"column":4},"end":{"line":526,"column":4}}]},"24":{"line":531,"type":"if","locations":[{"start":{"line":531,"column":4},"end":{"line":531,"column":4}},{"start":{"line":531,"column":4},"end":{"line":531,"column":4}}]},"25":{"line":551,"type":"if","locations":[{"start":{"line":551,"column":4},"end":{"line":551,"column":4}},{"start":{"line":551,"column":4},"end":{"line":551,"column":4}}]},"26":{"line":579,"type":"if","locations":[{"start":{"line":579,"column":4},"end":{"line":579,"column":4}},{"start":{"line":579,"column":4},"end":{"line":579,"column":4}}]},"27":{"line":590,"type":"if","locations":[{"start":{"line":590,"column":4},"end":{"line":590,"column":4}},{"start":{"line":590,"column":4},"end":{"line":590,"column":4}}]},"28":{"line":674,"type":"if","locations":[{"start":{"line":674,"column":4},"end":{"line":674,"column":4}},{"start":{"line":674,"column":4},"end":{"line":674,"column":4}}]},"29":{"line":676,"type":"if","locations":[{"start":{"line":676,"column":6},"end":{"line":676,"column":6}},{"start":{"line":676,"column":6},"end":{"line":676,"column":6}}]},"30":{"line":684,"type":"if","locations":[{"start":{"line":684,"column":4},"end":{"line":684,"column":4}},{"start":{"line":684,"column":4},"end":{"line":684,"column":4}}]},"31":{"line":691,"type":"if","locations":[{"start":{"line":691,"column":4},"end":{"line":691,"column":4}},{"start":{"line":691,"column":4},"end":{"line":691,"column":4}}]},"32":{"line":699,"type":"if","locations":[{"start":{"line":699,"column":4},"end":{"line":699,"column":4}},{"start":{"line":699,"column":4},"end":{"line":699,"column":4}}]},"33":{"line":706,"type":"if","locations":[{"start":{"line":706,"column":4},"end":{"line":706,"column":4}},{"start":{"line":706,"column":4},"end":{"line":706,"column":4}}]},"34":{"line":716,"type":"if","locations":[{"start":{"line":716,"column":4},"end":{"line":716,"column":4}},{"start":{"line":716,"column":4},"end":{"line":716,"column":4}}]},"35":{"line":717,"type":"if","locations":[{"start":{"line":717,"column":4},"end":{"line":717,"column":4}},{"start":{"line":717,"column":4},"end":{"line":717,"column":4}}]},"36":{"line":734,"type":"if","locations":[{"start":{"line":734,"column":4},"end":{"line":734,"column":4}},{"start":{"line":734,"column":4},"end":{"line":734,"column":4}}]},"37":{"line":756,"type":"if","locations":[{"start":{"line":756,"column":4},"end":{"line":756,"column":4}},{"start":{"line":756,"column":4},"end":{"line":756,"column":4}}]},"38":{"line":766,"type":"if","locations":[{"start":{"line":766,"column":4},"end":{"line":766,"column":4}},{"start":{"line":766,"column":4},"end":{"line":766,"column":4}}]}}},"contracts/AlchemistEth.sol":{"l":{"231":55,"232":54,"234":54,"235":54,"236":54,"237":54,"238":54,"239":54,"240":54,"241":54,"243":54,"244":54,"245":54,"256":1,"258":0,"260":0,"267":0,"268":0,"269":0,"271":0,"276":0,"278":0,"280":0,"292":5,"294":4,"296":4,"302":0,"315":5,"317":4,"319":4,"331":4,"333":3,"335":3,"346":4,"347":3,"349":2,"351":2,"358":17,"360":17,"362":17,"369":0,"371":0,"373":0,"381":0,"382":0,"383":0,"385":0,"394":1,"404":1,"406":1,"407":1,"409":1,"411":1,"422":0,"432":0,"434":0,"436":0,"437":0,"438":0,"440":0,"441":0,"443":0,"444":0,"447":0,"448":0,"452":0,"454":0,"464":0,"473":0,"474":0,"487":0,"489":0,"500":0,"501":0,"503":0,"505":0,"512":0,"514":0,"515":0,"517":0,"518":0,"519":0,"521":0,"522":0,"525":0,"526":0,"528":0,"530":0,"531":0,"533":0,"543":0,"544":0,"546":0,"548":0,"550":0,"551":0,"553":0,"555":0,"562":0,"563":0,"566":0,"567":0,"569":0,"570":0,"571":0,"572":0,"574":0,"576":0,"579":0,"580":0,"582":0,"584":0,"585":0,"587":0,"594":0,"595":0,"598":0,"599":0,"601":0,"603":0,"605":0,"606":0,"607":0,"609":0,"616":0,"617":0,"618":0,"619":0,"621":0,"622":0,"626":0,"628":0,"630":0,"632":0,"639":0,"651":0,"652":0,"654":0,"656":0,"657":0,"658":0,"659":0,"661":0,"663":0,"666":0,"668":0,"670":0,"677":0,"686":0,"687":0,"696":0,"697":0,"706":0,"707":0,"716":0,"717":0,"726":0,"727":0,"736":0,"737":0,"743":0,"744":0,"746":0,"753":0,"754":0,"760":0,"761":0,"768":0,"775":25,"776":20,"783":0,"784":0,"794":1,"795":1,"796":1,"797":1,"798":1,"803":1,"813":0,"815":0,"816":0,"818":0,"820":0,"833":0,"835":0,"836":0,"837":0,"838":0,"840":0,"844":0,"845":0,"847":0,"850":0,"851":0,"852":0,"853":0,"855":0,"856":0,"860":0,"861":0,"863":0,"869":0,"870":0,"873":0,"875":0},"path":"/Users/shr1ftyy/Personal/Computing/bounties/alcx/alchemix-protocol/contracts/AlchemistEth.sol","s":{"1":55,"2":54,"3":54,"4":54,"5":54,"6":54,"7":54,"8":54,"9":54,"10":54,"11":54,"12":54,"13":54,"14":1,"15":0,"16":0,"17":0,"18":0,"19":0,"20":0,"21":0,"22":0,"23":0,"24":5,"25":4,"26":4,"27":0,"28":5,"29":4,"30":4,"31":4,"32":3,"33":3,"34":4,"35":3,"36":2,"37":2,"38":17,"39":17,"40":17,"41":0,"42":0,"43":0,"44":0,"45":0,"46":0,"47":0,"48":1,"49":1,"50":1,"51":1,"52":1,"53":1,"54":0,"55":0,"56":0,"57":0,"58":0,"59":0,"60":0,"61":0,"62":0,"63":0,"64":0,"65":0,"66":0,"67":0,"68":0,"69":0,"70":0,"71":0,"72":0,"73":0,"74":0,"75":0,"76":0,"77":0,"78":0,"79":0,"80":0,"81":0,"82":0,"83":0,"84":0,"85":0,"86":0,"87":0,"88":0,"89":0,"90":0,"91":0,"92":0,"93":0,"94":0,"95":0,"96":0,"97":0,"98":0,"99":0,"100":0,"101":0,"102":0,"103":0,"104":0,"105":0,"106":0,"107":0,"108":0,"109":0,"110":0,"111":0,"112":0,"113":0,"114":0,"115":0,"116":0,"117":0,"118":0,"119":0,"120":0,"121":0,"122":0,"123":0,"124":0,"125":0,"126":0,"127":0,"128":0,"129":0,"130":0,"131":0,"132":0,"133":0,"134":0,"135":0,"136":0,"137":0,"138":0,"139":0,"140":0,"141":0,"142":0,"143":0,"144":0,"145":0,"146":0,"147":0,"148":0,"149":0,"150":0,"151":0,"152":0,"153":0,"154":0,"155":0,"156":0,"157":0,"158":0,"159":0,"160":0,"161":0,"162":0,"163":0,"164":0,"165":0,"166":0,"167":25,"168":0,"169":1,"170":1,"171":1,"172":1,"173":1,"174":1,"175":0,"176":0,"177":0,"178":0,"179":0,"180":0,"181":0,"182":0,"183":0,"184":0,"185":0,"186":0,"187":0,"188":0,"189":0,"190":0,"191":0,"192":0,"193":0,"194":0,"195":0,"196":0,"197":0,"198":0,"199":0,"200":0,"201":0},"b":{"1":[54,1],"2":[54,0],"3":[0,1],"4":[0,0],"5":[0,0],"6":[4,1],"7":[4,1],"8":[3,1],"9":[3,1],"10":[2,1],"11":[17,0],"12":[0,0],"13":[1,0],"14":[1,0],"15":[1,0],"16":[0,0],"17":[0,0],"18":[0,0],"19":[0,0],"20":[0,0],"21":[0,0],"22":[0,0],"23":[0,0],"24":[0,0],"25":[0,0],"26":[0,0],"27":[0,0],"28":[0,0],"29":[0,0],"30":[0,0],"31":[0,0],"32":[0,0],"33":[0,0],"34":[0,0],"35":[0,0],"36":[0,0],"37":[0,0],"38":[0,0],"39":[0,0],"40":[0,0],"41":[0,0],"42":[20,5],"43":[0,0],"44":[1,0],"45":[1,0],"46":[1,0],"47":[0,0],"48":[0,0],"49":[0,0],"50":[0,0],"51":[0,0]},"f":{"1":55,"2":1,"3":0,"4":0,"5":5,"6":0,"7":5,"8":4,"9":4,"10":17,"11":0,"12":0,"13":1,"14":1,"15":0,"16":0,"17":0,"18":0,"19":0,"20":0,"21":0,"22":0,"23":0,"24":0,"25":0,"26":0,"27":0,"28":0,"29":0,"30":0,"31":0,"32":0,"33":0,"34":0,"35":0,"36":0,"37":0,"38":0,"39":25,"40":0,"41":1,"42":0,"43":0},"fnMap":{"1":{"name":"constructor","line":223,"loc":{"start":{"line":223,"column":2},"end":{"line":246,"column":2}}},"2":{"name":"setPendingGovernance","line":255,"loc":{"start":{"line":255,"column":2},"end":{"line":261,"column":2}}},"3":{"name":"acceptGovernance","line":266,"loc":{"start":{"line":266,"column":2},"end":{"line":272,"column":2}}},"4":{"name":"setSentinel","line":274,"loc":{"start":{"line":274,"column":2},"end":{"line":281,"column":2}}},"5":{"name":"setTransmuter","line":288,"loc":{"start":{"line":288,"column":2},"end":{"line":297,"column":2}}},"6":{"name":"setFlushActivator","line":301,"loc":{"start":{"line":301,"column":2},"end":{"line":304,"column":2}}},"7":{"name":"setRewards","line":311,"loc":{"start":{"line":311,"column":2},"end":{"line":320,"column":2}}},"8":{"name":"setHarvestFee","line":327,"loc":{"start":{"line":327,"column":2},"end":{"line":336,"column":2}}},"9":{"name":"setCollateralizationLimit","line":344,"loc":{"start":{"line":344,"column":2},"end":{"line":352,"column":2}}},"10":{"name":"setEmergencyExit","line":357,"loc":{"start":{"line":357,"column":2},"end":{"line":363,"column":2}}},"11":{"name":"setPauseConvert","line":368,"loc":{"start":{"line":368,"column":2},"end":{"line":374,"column":2}}},"12":{"name":"setKeepers","line":380,"loc":{"start":{"line":380,"column":2},"end":{"line":386,"column":2}}},"13":{"name":"collateralizationLimit","line":393,"loc":{"start":{"line":393,"column":2},"end":{"line":395,"column":2}}},"14":{"name":"initialize","line":402,"loc":{"start":{"line":402,"column":2},"end":{"line":412,"column":2}}},"15":{"name":"migrate","line":420,"loc":{"start":{"line":420,"column":2},"end":{"line":423,"column":2}}},"16":{"name":"harvest","line":430,"loc":{"start":{"line":430,"column":2},"end":{"line":455,"column":2}}},"17":{"name":"recall","line":462,"loc":{"start":{"line":462,"column":2},"end":{"line":465,"column":2}}},"18":{"name":"recallAll","line":472,"loc":{"start":{"line":472,"column":2},"end":{"line":475,"column":2}}},"19":{"name":"flush","line":483,"loc":{"start":{"line":483,"column":2},"end":{"line":490,"column":2}}},"20":{"name":"flushActiveVault","line":498,"loc":{"start":{"line":498,"column":2},"end":{"line":506,"column":2}}},"21":{"name":"deposit","line":511,"loc":{"start":{"line":511,"column":2},"end":{"line":534,"column":2}}},"22":{"name":"withdraw","line":542,"loc":{"start":{"line":542,"column":2},"end":{"line":556,"column":2}}},"23":{"name":"repay","line":561,"loc":{"start":{"line":561,"column":2},"end":{"line":588,"column":2}}},"24":{"name":"liquidate","line":593,"loc":{"start":{"line":593,"column":2},"end":{"line":610,"column":2}}},"25":{"name":"convert","line":615,"loc":{"start":{"line":615,"column":2},"end":{"line":633,"column":2}}},"26":{"name":"recoverLostFunds","line":638,"loc":{"start":{"line":638,"column":2},"end":{"line":640,"column":2}}},"27":{"name":"mint","line":649,"loc":{"start":{"line":649,"column":2},"end":{"line":671,"column":2}}},"28":{"name":"vaultCount","line":676,"loc":{"start":{"line":676,"column":2},"end":{"line":678,"column":2}}},"29":{"name":"getVaultAdapter","line":685,"loc":{"start":{"line":685,"column":2},"end":{"line":688,"column":2}}},"30":{"name":"getVaultTotalDeposited","line":695,"loc":{"start":{"line":695,"column":2},"end":{"line":698,"column":2}}},"31":{"name":"getCdpTotalDeposited","line":705,"loc":{"start":{"line":705,"column":2},"end":{"line":708,"column":2}}},"32":{"name":"getCdpTotalDebt","line":715,"loc":{"start":{"line":715,"column":2},"end":{"line":718,"column":2}}},"33":{"name":"getCdpTotalCredit","line":725,"loc":{"start":{"line":725,"column":2},"end":{"line":728,"column":2}}},"34":{"name":"getCdpLastDeposit","line":735,"loc":{"start":{"line":735,"column":2},"end":{"line":738,"column":2}}},"35":{"name":"_distributeToTransmuter","line":742,"loc":{"start":{"line":742,"column":2},"end":{"line":747,"column":2}}},"36":{"name":"noContractAllowed","line":752,"loc":{"start":{"line":752,"column":2},"end":{"line":755,"column":2}}},"37":{"name":"expectInitialized","line":759,"loc":{"start":{"line":759,"column":2},"end":{"line":762,"column":2}}},"38":{"name":"_expectCaller","line":767,"loc":{"start":{"line":767,"column":2},"end":{"line":769,"column":2}}},"39":{"name":"onlyGov","line":774,"loc":{"start":{"line":774,"column":2},"end":{"line":777,"column":2}}},"40":{"name":"onlyKeeper","line":782,"loc":{"start":{"line":782,"column":2},"end":{"line":785,"column":2}}},"41":{"name":"_updateActiveVault","line":793,"loc":{"start":{"line":793,"column":2},"end":{"line":804,"column":2}}},"42":{"name":"_recallFunds","line":812,"loc":{"start":{"line":812,"column":2},"end":{"line":821,"column":2}}},"43":{"name":"_withdrawFundsTo","line":831,"loc":{"start":{"line":831,"column":2},"end":{"line":876,"column":2}}}},"statementMap":{"1":{"start":{"line":231,"column":4},"end":{"line":231,"column":87}},"2":{"start":{"line":232,"column":4},"end":{"line":232,"column":83}},"3":{"start":{"line":234,"column":4},"end":{"line":234,"column":25}},"4":{"start":{"line":235,"column":4},"end":{"line":235,"column":17}},"5":{"start":{"line":236,"column":4},"end":{"line":236,"column":19}},"6":{"start":{"line":237,"column":4},"end":{"line":237,"column":27}},"7":{"start":{"line":238,"column":4},"end":{"line":238,"column":23}},"8":{"start":{"line":239,"column":4},"end":{"line":239,"column":31}},"9":{"start":{"line":240,"column":4},"end":{"line":240,"column":23}},"10":{"start":{"line":241,"column":4},"end":{"line":241,"column":22}},"11":{"start":{"line":243,"column":4},"end":{"line":243,"column":63}},"12":{"start":{"line":244,"column":4},"end":{"line":244,"column":72}},"13":{"start":{"line":245,"column":4},"end":{"line":245,"column":63}},"14":{"start":{"line":256,"column":4},"end":{"line":256,"column":94}},"15":{"start":{"line":258,"column":4},"end":{"line":258,"column":41}},"16":{"start":{"line":260,"column":4},"end":{"line":260,"column":53}},"17":{"start":{"line":267,"column":4},"end":{"line":267,"column":77}},"18":{"start":{"line":268,"column":4},"end":{"line":268,"column":50}},"19":{"start":{"line":269,"column":4},"end":{"line":269,"column":34}},"20":{"start":{"line":271,"column":4},"end":{"line":271,"column":46}},"21":{"start":{"line":276,"column":4},"end":{"line":276,"column":83}},"22":{"start":{"line":278,"column":4},"end":{"line":278,"column":23}},"23":{"start":{"line":280,"column":4},"end":{"line":280,"column":35}},"24":{"start":{"line":292,"column":4},"end":{"line":292,"column":87}},"25":{"start":{"line":294,"column":4},"end":{"line":294,"column":27}},"26":{"start":{"line":296,"column":4},"end":{"line":296,"column":39}},"27":{"start":{"line":302,"column":4},"end":{"line":302,"column":35}},"28":{"start":{"line":315,"column":4},"end":{"line":315,"column":81}},"29":{"start":{"line":317,"column":4},"end":{"line":317,"column":21}},"30":{"start":{"line":319,"column":4},"end":{"line":319,"column":33}},"31":{"start":{"line":331,"column":4},"end":{"line":331,"column":86}},"32":{"start":{"line":333,"column":4},"end":{"line":333,"column":27}},"33":{"start":{"line":335,"column":4},"end":{"line":335,"column":39}},"34":{"start":{"line":346,"column":4},"end":{"line":346,"column":106}},"35":{"start":{"line":347,"column":4},"end":{"line":347,"column":106}},"36":{"start":{"line":349,"column":4},"end":{"line":349,"column":68}},"37":{"start":{"line":351,"column":4},"end":{"line":351,"column":46}},"38":{"start":{"line":358,"column":4},"end":{"line":358,"column":90}},"39":{"start":{"line":360,"column":4},"end":{"line":360,"column":33}},"40":{"start":{"line":362,"column":4},"end":{"line":362,"column":45}},"41":{"start":{"line":369,"column":4},"end":{"line":369,"column":90}},"42":{"start":{"line":371,"column":4},"end":{"line":371,"column":31}},"43":{"start":{"line":373,"column":4},"end":{"line":373,"column":46}},"44":{"start":{"line":381,"column":4},"end":{"line":381,"column":41}},"45":{"start":{"line":382,"column":4},"end":{"line":382,"column":13478}},"46":{"start":{"line":383,"column":6},"end":{"line":383,"column":36}},"47":{"start":{"line":385,"column":4},"end":{"line":385,"column":36}},"48":{"start":{"line":394,"column":4},"end":{"line":394,"column":38}},"49":{"start":{"line":404,"column":4},"end":{"line":404,"column":58}},"50":{"start":{"line":406,"column":4},"end":{"line":406,"column":96}},"51":{"start":{"line":407,"column":4},"end":{"line":407,"column":90}},"52":{"start":{"line":409,"column":4},"end":{"line":409,"column":31}},"53":{"start":{"line":411,"column":4},"end":{"line":411,"column":21}},"54":{"start":{"line":422,"column":4},"end":{"line":422,"column":31}},"55":{"start":{"line":432,"column":4},"end":{"line":432,"column":53}},"56":{"start":{"line":434,"column":4},"end":{"line":434,"column":87}},"57":{"start":{"line":436,"column":4},"end":{"line":436,"column":15491}},"58":{"start":{"line":437,"column":6},"end":{"line":437,"column":83}},"59":{"start":{"line":438,"column":6},"end":{"line":438,"column":66}},"60":{"start":{"line":440,"column":6},"end":{"line":440,"column":113}},"61":{"start":{"line":441,"column":6},"end":{"line":441,"column":75}},"62":{"start":{"line":443,"column":6},"end":{"line":443,"column":15875}},"63":{"start":{"line":444,"column":8},"end":{"line":444,"column":46}},"64":{"start":{"line":447,"column":6},"end":{"line":447,"column":15961}},"65":{"start":{"line":448,"column":8},"end":{"line":448,"column":49}},"66":{"start":{"line":452,"column":4},"end":{"line":452,"column":58}},"67":{"start":{"line":454,"column":4},"end":{"line":454,"column":46}},"68":{"start":{"line":464,"column":4},"end":{"line":464,"column":42}},"69":{"start":{"line":473,"column":4},"end":{"line":473,"column":53}},"70":{"start":{"line":474,"column":4},"end":{"line":474,"column":56}},"71":{"start":{"line":487,"column":4},"end":{"line":487,"column":53}},"72":{"start":{"line":489,"column":4},"end":{"line":489,"column":29}},"73":{"start":{"line":500,"column":4},"end":{"line":500,"column":52}},"74":{"start":{"line":501,"column":4},"end":{"line":501,"column":56}},"75":{"start":{"line":503,"column":4},"end":{"line":503,"column":39}},"76":{"start":{"line":505,"column":4},"end":{"line":505,"column":27}},"77":{"start":{"line":512,"column":4},"end":{"line":512,"column":53}},"78":{"start":{"line":514,"column":4},"end":{"line":514,"column":45}},"79":{"start":{"line":515,"column":4},"end":{"line":515,"column":20}},"80":{"start":{"line":517,"column":4},"end":{"line":517,"column":18613}},"81":{"start":{"line":518,"column":6},"end":{"line":518,"column":58}},"82":{"start":{"line":519,"column":6},"end":{"line":519,"column":43}},"83":{"start":{"line":521,"column":6},"end":{"line":521,"column":46}},"84":{"start":{"line":522,"column":6},"end":{"line":522,"column":63}},"85":{"start":{"line":525,"column":4},"end":{"line":525,"column":18874}},"86":{"start":{"line":526,"column":6},"end":{"line":526,"column":23}},"87":{"start":{"line":528,"column":4},"end":{"line":528,"column":47}},"88":{"start":{"line":530,"column":4},"end":{"line":530,"column":57}},"89":{"start":{"line":531,"column":4},"end":{"line":531,"column":34}},"90":{"start":{"line":533,"column":4},"end":{"line":533,"column":45}},"91":{"start":{"line":543,"column":4},"end":{"line":543,"column":45}},"92":{"start":{"line":544,"column":4},"end":{"line":544,"column":47}},"93":{"start":{"line":546,"column":4},"end":{"line":546,"column":20}},"94":{"start":{"line":548,"column":4},"end":{"line":548,"column":102}},"95":{"start":{"line":550,"column":4},"end":{"line":550,"column":96}},"96":{"start":{"line":551,"column":4},"end":{"line":551,"column":78}},"97":{"start":{"line":553,"column":4},"end":{"line":553,"column":80}},"98":{"start":{"line":555,"column":4},"end":{"line":555,"column":46}},"99":{"start":{"line":562,"column":4},"end":{"line":562,"column":20423}},"100":{"start":{"line":563,"column":6},"end":{"line":563,"column":28}},"101":{"start":{"line":566,"column":4},"end":{"line":566,"column":45}},"102":{"start":{"line":567,"column":4},"end":{"line":567,"column":20}},"103":{"start":{"line":569,"column":4},"end":{"line":569,"column":20627}},"104":{"start":{"line":570,"column":6},"end":{"line":570,"column":20664}},"105":{"start":{"line":571,"column":8},"end":{"line":571,"column":80}},"106":{"start":{"line":572,"column":8},"end":{"line":572,"column":55}},"107":{"start":{"line":574,"column":8},"end":{"line":574,"column":75}},"108":{"start":{"line":576,"column":6},"end":{"line":576,"column":47}},"109":{"start":{"line":579,"column":4},"end":{"line":579,"column":20988}},"110":{"start":{"line":580,"column":6},"end":{"line":580,"column":50}},"111":{"start":{"line":582,"column":6},"end":{"line":582,"column":44}},"112":{"start":{"line":584,"column":4},"end":{"line":584,"column":66}},"113":{"start":{"line":585,"column":4},"end":{"line":585,"column":52}},"114":{"start":{"line":587,"column":4},"end":{"line":587,"column":70}},"115":{"start":{"line":594,"column":4},"end":{"line":594,"column":45}},"116":{"start":{"line":595,"column":4},"end":{"line":595,"column":20}},"117":{"start":{"line":598,"column":4},"end":{"line":598,"column":21772}},"118":{"start":{"line":599,"column":6},"end":{"line":599,"column":29}},"119":{"start":{"line":601,"column":4},"end":{"line":601,"column":114}},"120":{"start":{"line":603,"column":4},"end":{"line":603,"column":44}},"121":{"start":{"line":605,"column":4},"end":{"line":605,"column":69}},"122":{"start":{"line":606,"column":4},"end":{"line":606,"column":60}},"123":{"start":{"line":607,"column":4},"end":{"line":607,"column":81}},"124":{"start":{"line":609,"column":4},"end":{"line":609,"column":46}},"125":{"start":{"line":616,"column":4},"end":{"line":616,"column":63}},"126":{"start":{"line":617,"column":4},"end":{"line":617,"column":22612}},"127":{"start":{"line":618,"column":6},"end":{"line":618,"column":58}},"128":{"start":{"line":619,"column":6},"end":{"line":619,"column":43}},"129":{"start":{"line":621,"column":6},"end":{"line":621,"column":46}},"130":{"start":{"line":622,"column":6},"end":{"line":622,"column":63}},"131":{"start":{"line":626,"column":4},"end":{"line":626,"column":35}},"132":{"start":{"line":628,"column":4},"end":{"line":628,"column":35}},"133":{"start":{"line":630,"column":4},"end":{"line":630,"column":119}},"134":{"start":{"line":632,"column":4},"end":{"line":632,"column":49}},"135":{"start":{"line":639,"column":4},"end":{"line":639,"column":54}},"136":{"start":{"line":651,"column":4},"end":{"line":651,"column":45}},"137":{"start":{"line":652,"column":4},"end":{"line":652,"column":20}},"138":{"start":{"line":654,"column":4},"end":{"line":654,"column":43}},"139":{"start":{"line":656,"column":4},"end":{"line":656,"column":23896}},"140":{"start":{"line":657,"column":6},"end":{"line":657,"column":58}},"141":{"start":{"line":658,"column":6},"end":{"line":658,"column":58}},"142":{"start":{"line":659,"column":6},"end":{"line":659,"column":25}},"143":{"start":{"line":661,"column":6},"end":{"line":661,"column":70}},"144":{"start":{"line":663,"column":6},"end":{"line":663,"column":49}},"145":{"start":{"line":666,"column":4},"end":{"line":666,"column":35}},"146":{"start":{"line":668,"column":4},"end":{"line":668,"column":119}},"147":{"start":{"line":670,"column":4},"end":{"line":670,"column":57}},"148":{"start":{"line":677,"column":4},"end":{"line":677,"column":27}},"149":{"start":{"line":686,"column":4},"end":{"line":686,"column":53}},"150":{"start":{"line":687,"column":4},"end":{"line":687,"column":25}},"151":{"start":{"line":696,"column":4},"end":{"line":696,"column":53}},"152":{"start":{"line":697,"column":4},"end":{"line":697,"column":32}},"153":{"start":{"line":706,"column":4},"end":{"line":706,"column":43}},"154":{"start":{"line":707,"column":4},"end":{"line":707,"column":30}},"155":{"start":{"line":716,"column":4},"end":{"line":716,"column":43}},"156":{"start":{"line":717,"column":4},"end":{"line":717,"column":41}},"157":{"start":{"line":726,"column":4},"end":{"line":726,"column":43}},"158":{"start":{"line":727,"column":4},"end":{"line":727,"column":43}},"159":{"start":{"line":736,"column":4},"end":{"line":736,"column":43}},"160":{"start":{"line":737,"column":4},"end":{"line":737,"column":27}},"161":{"start":{"line":743,"column":8},"end":{"line":743,"column":39}},"162":{"start":{"line":744,"column":8},"end":{"line":744,"column":63}},"163":{"start":{"line":746,"column":8},"end":{"line":746,"column":36}},"164":{"start":{"line":753,"column":10},"end":{"line":753,"column":114}},"165":{"start":{"line":760,"column":4},"end":{"line":760,"column":54}},"166":{"start":{"line":768,"column":4},"end":{"line":768,"column":45}},"167":{"start":{"line":775,"column":4},"end":{"line":775,"column":67}},"168":{"start":{"line":783,"column":4},"end":{"line":783,"column":59}},"169":{"start":{"line":794,"column":4},"end":{"line":794,"column":101}},"170":{"start":{"line":795,"column":4},"end":{"line":795,"column":67}},"171":{"start":{"line":796,"column":4},"end":{"line":796,"column":66}},"172":{"start":{"line":797,"column":4},"end":{"line":797,"column":37}},"173":{"start":{"line":798,"column":4},"end":{"line":798,"column":28959}},"174":{"start":{"line":803,"column":4},"end":{"line":803,"column":37}},"175":{"start":{"line":813,"column":4},"end":{"line":813,"column":204}},"176":{"start":{"line":815,"column":4},"end":{"line":815,"column":53}},"177":{"start":{"line":816,"column":4},"end":{"line":816,"column":97}},"178":{"start":{"line":818,"column":4},"end":{"line":818,"column":67}},"179":{"start":{"line":820,"column":4},"end":{"line":820,"column":46}},"180":{"start":{"line":833,"column":4},"end":{"line":833,"column":79}},"181":{"start":{"line":835,"column":4},"end":{"line":835,"column":30701}},"182":{"start":{"line":836,"column":6},"end":{"line":836,"column":30744}},"183":{"start":{"line":837,"column":8},"end":{"line":837,"column":45}},"184":{"start":{"line":838,"column":8},"end":{"line":838,"column":43}},"185":{"start":{"line":840,"column":8},"end":{"line":840,"column":54}},"186":{"start":{"line":844,"column":4},"end":{"line":844,"column":45}},"187":{"start":{"line":845,"column":4},"end":{"line":845,"column":50}},"188":{"start":{"line":847,"column":4},"end":{"line":847,"column":59}},"189":{"start":{"line":850,"column":4},"end":{"line":850,"column":31157}},"190":{"start":{"line":851,"column":6},"end":{"line":851,"column":54}},"191":{"start":{"line":852,"column":6},"end":{"line":852,"column":34}},"192":{"start":{"line":853,"column":6},"end":{"line":853,"column":33}},"193":{"start":{"line":855,"column":6},"end":{"line":855,"column":31321}},"194":{"start":{"line":856,"column":8},"end":{"line":856,"column":31344}},"195":{"start":{"line":860,"column":8},"end":{"line":860,"column":46}},"196":{"start":{"line":861,"column":8},"end":{"line":861,"column":44}},"197":{"start":{"line":863,"column":8},"end":{"line":863,"column":31596}},"198":{"start":{"line":869,"column":6},"end":{"line":869,"column":60}},"199":{"start":{"line":870,"column":6},"end":{"line":870,"column":69}},"200":{"start":{"line":873,"column":4},"end":{"line":873,"column":60}},"201":{"start":{"line":875,"column":4},"end":{"line":875,"column":50}}},"branchMap":{"1":{"line":231,"type":"if","locations":[{"start":{"line":231,"column":4},"end":{"line":231,"column":4}},{"start":{"line":231,"column":4},"end":{"line":231,"column":4}}]},"2":{"line":232,"type":"if","locations":[{"start":{"line":232,"column":4},"end":{"line":232,"column":4}},{"start":{"line":232,"column":4},"end":{"line":232,"column":4}}]},"3":{"line":256,"type":"if","locations":[{"start":{"line":256,"column":4},"end":{"line":256,"column":4}},{"start":{"line":256,"column":4},"end":{"line":256,"column":4}}]},"4":{"line":267,"type":"if","locations":[{"start":{"line":267,"column":4},"end":{"line":267,"column":4}},{"start":{"line":267,"column":4},"end":{"line":267,"column":4}}]},"5":{"line":276,"type":"if","locations":[{"start":{"line":276,"column":4},"end":{"line":276,"column":4}},{"start":{"line":276,"column":4},"end":{"line":276,"column":4}}]},"6":{"line":292,"type":"if","locations":[{"start":{"line":292,"column":4},"end":{"line":292,"column":4}},{"start":{"line":292,"column":4},"end":{"line":292,"column":4}}]},"7":{"line":315,"type":"if","locations":[{"start":{"line":315,"column":4},"end":{"line":315,"column":4}},{"start":{"line":315,"column":4},"end":{"line":315,"column":4}}]},"8":{"line":331,"type":"if","locations":[{"start":{"line":331,"column":4},"end":{"line":331,"column":4}},{"start":{"line":331,"column":4},"end":{"line":331,"column":4}}]},"9":{"line":346,"type":"if","locations":[{"start":{"line":346,"column":4},"end":{"line":346,"column":4}},{"start":{"line":346,"column":4},"end":{"line":346,"column":4}}]},"10":{"line":347,"type":"if","locations":[{"start":{"line":347,"column":4},"end":{"line":347,"column":4}},{"start":{"line":347,"column":4},"end":{"line":347,"column":4}}]},"11":{"line":358,"type":"if","locations":[{"start":{"line":358,"column":4},"end":{"line":358,"column":4}},{"start":{"line":358,"column":4},"end":{"line":358,"column":4}}]},"12":{"line":369,"type":"if","locations":[{"start":{"line":369,"column":4},"end":{"line":369,"column":4}},{"start":{"line":369,"column":4},"end":{"line":369,"column":4}}]},"13":{"line":404,"type":"if","locations":[{"start":{"line":404,"column":4},"end":{"line":404,"column":4}},{"start":{"line":404,"column":4},"end":{"line":404,"column":4}}]},"14":{"line":406,"type":"if","locations":[{"start":{"line":406,"column":4},"end":{"line":406,"column":4}},{"start":{"line":406,"column":4},"end":{"line":406,"column":4}}]},"15":{"line":407,"type":"if","locations":[{"start":{"line":407,"column":4},"end":{"line":407,"column":4}},{"start":{"line":407,"column":4},"end":{"line":407,"column":4}}]},"16":{"line":436,"type":"if","locations":[{"start":{"line":436,"column":4},"end":{"line":436,"column":4}},{"start":{"line":436,"column":4},"end":{"line":436,"column":4}}]},"17":{"line":443,"type":"if","locations":[{"start":{"line":443,"column":6},"end":{"line":443,"column":6}},{"start":{"line":443,"column":6},"end":{"line":443,"column":6}}]},"18":{"line":447,"type":"if","locations":[{"start":{"line":447,"column":6},"end":{"line":447,"column":6}},{"start":{"line":447,"column":6},"end":{"line":447,"column":6}}]},"19":{"line":487,"type":"if","locations":[{"start":{"line":487,"column":4},"end":{"line":487,"column":4}},{"start":{"line":487,"column":4},"end":{"line":487,"column":4}}]},"20":{"line":512,"type":"if","locations":[{"start":{"line":512,"column":4},"end":{"line":512,"column":4}},{"start":{"line":512,"column":4},"end":{"line":512,"column":4}}]},"21":{"line":517,"type":"if","locations":[{"start":{"line":517,"column":4},"end":{"line":517,"column":4}},{"start":{"line":517,"column":4},"end":{"line":517,"column":4}}]},"22":{"line":518,"type":"if","locations":[{"start":{"line":518,"column":6},"end":{"line":518,"column":6}},{"start":{"line":518,"column":6},"end":{"line":518,"column":6}}]},"23":{"line":521,"type":"if","locations":[{"start":{"line":521,"column":6},"end":{"line":521,"column":6}},{"start":{"line":521,"column":6},"end":{"line":521,"column":6}}]},"24":{"line":525,"type":"if","locations":[{"start":{"line":525,"column":4},"end":{"line":525,"column":4}},{"start":{"line":525,"column":4},"end":{"line":525,"column":4}}]},"25":{"line":544,"type":"if","locations":[{"start":{"line":544,"column":4},"end":{"line":544,"column":4}},{"start":{"line":544,"column":4},"end":{"line":544,"column":4}}]},"26":{"line":562,"type":"if","locations":[{"start":{"line":562,"column":4},"end":{"line":562,"column":4}},{"start":{"line":562,"column":4},"end":{"line":562,"column":4}}]},"27":{"line":569,"type":"if","locations":[{"start":{"line":569,"column":4},"end":{"line":569,"column":4}},{"start":{"line":569,"column":4},"end":{"line":569,"column":4}}]},"28":{"line":570,"type":"if","locations":[{"start":{"line":570,"column":6},"end":{"line":570,"column":6}},{"start":{"line":570,"column":6},"end":{"line":570,"column":6}}]},"29":{"line":571,"type":"if","locations":[{"start":{"line":571,"column":8},"end":{"line":571,"column":8}},{"start":{"line":571,"column":8},"end":{"line":571,"column":8}}]},"30":{"line":579,"type":"if","locations":[{"start":{"line":579,"column":4},"end":{"line":579,"column":4}},{"start":{"line":579,"column":4},"end":{"line":579,"column":4}}]},"31":{"line":598,"type":"if","locations":[{"start":{"line":598,"column":4},"end":{"line":598,"column":4}},{"start":{"line":598,"column":4},"end":{"line":598,"column":4}}]},"32":{"line":616,"type":"if","locations":[{"start":{"line":616,"column":4},"end":{"line":616,"column":4}},{"start":{"line":616,"column":4},"end":{"line":616,"column":4}}]},"33":{"line":617,"type":"if","locations":[{"start":{"line":617,"column":4},"end":{"line":617,"column":4}},{"start":{"line":617,"column":4},"end":{"line":617,"column":4}}]},"34":{"line":618,"type":"if","locations":[{"start":{"line":618,"column":6},"end":{"line":618,"column":6}},{"start":{"line":618,"column":6},"end":{"line":618,"column":6}}]},"35":{"line":621,"type":"if","locations":[{"start":{"line":621,"column":6},"end":{"line":621,"column":6}},{"start":{"line":621,"column":6},"end":{"line":621,"column":6}}]},"36":{"line":630,"type":"if","locations":[{"start":{"line":630,"column":4},"end":{"line":630,"column":4}},{"start":{"line":630,"column":4},"end":{"line":630,"column":4}}]},"37":{"line":656,"type":"if","locations":[{"start":{"line":656,"column":4},"end":{"line":656,"column":4}},{"start":{"line":656,"column":4},"end":{"line":656,"column":4}}]},"38":{"line":668,"type":"if","locations":[{"start":{"line":668,"column":4},"end":{"line":668,"column":4}},{"start":{"line":668,"column":4},"end":{"line":668,"column":4}}]},"39":{"line":753,"type":"if","locations":[{"start":{"line":753,"column":10},"end":{"line":753,"column":10}},{"start":{"line":753,"column":10},"end":{"line":753,"column":10}}]},"40":{"line":760,"type":"if","locations":[{"start":{"line":760,"column":4},"end":{"line":760,"column":4}},{"start":{"line":760,"column":4},"end":{"line":760,"column":4}}]},"41":{"line":768,"type":"if","locations":[{"start":{"line":768,"column":4},"end":{"line":768,"column":4}},{"start":{"line":768,"column":4},"end":{"line":768,"column":4}}]},"42":{"line":775,"type":"if","locations":[{"start":{"line":775,"column":4},"end":{"line":775,"column":4}},{"start":{"line":775,"column":4},"end":{"line":775,"column":4}}]},"43":{"line":783,"type":"if","locations":[{"start":{"line":783,"column":4},"end":{"line":783,"column":4}},{"start":{"line":783,"column":4},"end":{"line":783,"column":4}}]},"44":{"line":794,"type":"if","locations":[{"start":{"line":794,"column":4},"end":{"line":794,"column":4}},{"start":{"line":794,"column":4},"end":{"line":794,"column":4}}]},"45":{"line":795,"type":"if","locations":[{"start":{"line":795,"column":4},"end":{"line":795,"column":4}},{"start":{"line":795,"column":4},"end":{"line":795,"column":4}}]},"46":{"line":796,"type":"if","locations":[{"start":{"line":796,"column":4},"end":{"line":796,"column":4}},{"start":{"line":796,"column":4},"end":{"line":796,"column":4}}]},"47":{"line":813,"type":"if","locations":[{"start":{"line":813,"column":4},"end":{"line":813,"column":4}},{"start":{"line":813,"column":4},"end":{"line":813,"column":4}}]},"48":{"line":835,"type":"if","locations":[{"start":{"line":835,"column":4},"end":{"line":835,"column":4}},{"start":{"line":835,"column":4},"end":{"line":835,"column":4}}]},"49":{"line":836,"type":"if","locations":[{"start":{"line":836,"column":6},"end":{"line":836,"column":6}},{"start":{"line":836,"column":6},"end":{"line":836,"column":6}}]},"50":{"line":850,"type":"if","locations":[{"start":{"line":850,"column":4},"end":{"line":850,"column":4}},{"start":{"line":850,"column":4},"end":{"line":850,"column":4}}]},"51":{"line":855,"type":"if","locations":[{"start":{"line":855,"column":6},"end":{"line":855,"column":6}},{"start":{"line":855,"column":6},"end":{"line":855,"column":6}}]}}},"contracts/AlEth.sol":{"l":{"42":57,"43":57,"44":57,"45":57,"50":0,"51":0,"61":0,"62":0,"63":0,"71":1,"78":0,"83":0,"84":0,"91":1,"95":2,"96":2,"100":0,"101":0,"110":0,"125":0,"127":0,"128":0,"136":0,"137":0,"139":0},"path":"/Users/shr1ftyy/Personal/Computing/bounties/alcx/alchemix-protocol/contracts/AlEth.sol","s":{"1":57,"2":57,"3":57,"4":57,"5":0,"6":0,"7":0,"8":0,"9":1,"10":0,"11":0,"12":0,"13":1,"14":2,"15":0,"16":0,"17":0,"18":0,"19":0,"20":0,"21":0,"22":0},"b":{"1":[0,0],"2":[0,0],"3":[2,0],"4":[0,0],"5":[0,0]},"f":{"1":57,"2":0,"3":0,"4":1,"5":0,"6":0,"7":1,"8":2,"9":0,"10":0,"11":0,"12":0},"fnMap":{"1":{"name":"constructor","line":41,"loc":{"start":{"line":41,"column":2},"end":{"line":46,"column":2}}},"2":{"name":"onlyWhitelisted","line":49,"loc":{"start":{"line":49,"column":2},"end":{"line":52,"column":2}}},"3":{"name":"mint","line":60,"loc":{"start":{"line":60,"column":2},"end":{"line":64,"column":2}}},"4":{"name":"setWhitelist","line":70,"loc":{"start":{"line":70,"column":2},"end":{"line":72,"column":2}}},"5":{"name":"setSentinel","line":77,"loc":{"start":{"line":77,"column":2},"end":{"line":79,"column":2}}},"6":{"name":"pauseAlchemist","line":82,"loc":{"start":{"line":82,"column":2},"end":{"line":85,"column":2}}},"7":{"name":"setCeiling","line":90,"loc":{"start":{"line":90,"column":2},"end":{"line":92,"column":2}}},"8":{"name":"onlyAdmin","line":94,"loc":{"start":{"line":94,"column":2},"end":{"line":97,"column":2}}},"9":{"name":"onlySentinel","line":99,"loc":{"start":{"line":99,"column":2},"end":{"line":102,"column":2}}},"10":{"name":"burn","line":109,"loc":{"start":{"line":109,"column":2},"end":{"line":111,"column":2}}},"11":{"name":"burnFrom","line":124,"loc":{"start":{"line":124,"column":2},"end":{"line":129,"column":2}}},"12":{"name":"lowerHasMinted","line":135,"loc":{"start":{"line":135,"column":2},"end":{"line":141,"column":2}}}},"statementMap":{"1":{"start":{"line":42,"column":4},"end":{"line":42,"column":37}},"2":{"start":{"line":43,"column":4},"end":{"line":43,"column":40}},"3":{"start":{"line":44,"column":4},"end":{"line":44,"column":42}},"4":{"start":{"line":45,"column":4},"end":{"line":45,"column":39}},"5":{"start":{"line":50,"column":4},"end":{"line":50,"column":72}},"6":{"start":{"line":61,"column":4},"end":{"line":61,"column":72}},"7":{"start":{"line":62,"column":4},"end":{"line":62,"column":61}},"8":{"start":{"line":63,"column":4},"end":{"line":63,"column":29}},"9":{"start":{"line":71,"column":4},"end":{"line":71,"column":35}},"10":{"start":{"line":78,"column":4},"end":{"line":78,"column":42}},"11":{"start":{"line":83,"column":4},"end":{"line":83,"column":28}},"12":{"start":{"line":84,"column":4},"end":{"line":84,"column":36}},"13":{"start":{"line":91,"column":4},"end":{"line":91,"column":36}},"14":{"start":{"line":95,"column":4},"end":{"line":95,"column":57}},"15":{"start":{"line":100,"column":4},"end":{"line":100,"column":63}},"16":{"start":{"line":110,"column":4},"end":{"line":110,"column":30}},"17":{"start":{"line":125,"column":4},"end":{"line":125,"column":117}},"18":{"start":{"line":127,"column":4},"end":{"line":127,"column":54}},"19":{"start":{"line":128,"column":4},"end":{"line":128,"column":25}},"20":{"start":{"line":136,"column":4},"end":{"line":136,"column":4942}},"21":{"start":{"line":137,"column":6},"end":{"line":137,"column":30}},"22":{"start":{"line":139,"column":6},"end":{"line":139,"column":62}}},"branchMap":{"1":{"line":50,"type":"if","locations":[{"start":{"line":50,"column":4},"end":{"line":50,"column":4}},{"start":{"line":50,"column":4},"end":{"line":50,"column":4}}]},"2":{"line":61,"type":"if","locations":[{"start":{"line":61,"column":4},"end":{"line":61,"column":4}},{"start":{"line":61,"column":4},"end":{"line":61,"column":4}}]},"3":{"line":95,"type":"if","locations":[{"start":{"line":95,"column":4},"end":{"line":95,"column":4}},{"start":{"line":95,"column":4},"end":{"line":95,"column":4}}]},"4":{"line":100,"type":"if","locations":[{"start":{"line":100,"column":4},"end":{"line":100,"column":4}},{"start":{"line":100,"column":4},"end":{"line":100,"column":4}}]},"5":{"line":136,"type":"if","locations":[{"start":{"line":136,"column":4},"end":{"line":136,"column":4}},{"start":{"line":136,"column":4},"end":{"line":136,"column":4}}]}}},"contracts/AlToken.sol":{"l":{"46":453,"47":453,"48":453,"49":453,"54":237,"55":236,"65":224,"66":223,"67":223,"68":222,"69":222,"70":222,"78":117,"85":0,"91":1,"95":0,"96":0,"103":121,"107":238,"108":238,"112":1,"113":1,"121":42,"136":3,"138":3,"139":3,"146":12},"path":"/Users/shr1ftyy/Personal/Computing/bounties/alcx/alchemix-protocol/contracts/AlToken.sol","s":{"1":453,"2":453,"3":453,"4":453,"5":237,"6":224,"7":223,"8":223,"9":222,"10":222,"11":222,"12":117,"13":0,"14":1,"15":0,"16":0,"17":121,"18":238,"19":1,"20":42,"21":3,"22":3,"23":3,"24":12},"b":{"1":[236,1],"2":[223,1],"3":[222,1],"4":[222,0],"5":[238,0],"6":[1,0]},"f":{"1":453,"2":237,"3":224,"4":117,"5":0,"6":1,"7":0,"8":121,"9":238,"10":1,"11":42,"12":3,"13":12},"fnMap":{"1":{"name":"constructor","line":45,"loc":{"start":{"line":45,"column":2},"end":{"line":50,"column":2}}},"2":{"name":"onlyWhitelisted","line":53,"loc":{"start":{"line":53,"column":2},"end":{"line":56,"column":2}}},"3":{"name":"mint","line":64,"loc":{"start":{"line":64,"column":2},"end":{"line":71,"column":2}}},"4":{"name":"setWhitelist","line":77,"loc":{"start":{"line":77,"column":2},"end":{"line":79,"column":2}}},"5":{"name":"setSentinel","line":84,"loc":{"start":{"line":84,"column":2},"end":{"line":86,"column":2}}},"6":{"name":"setBlacklist","line":90,"loc":{"start":{"line":90,"column":2},"end":{"line":92,"column":2}}},"7":{"name":"pauseAlchemist","line":94,"loc":{"start":{"line":94,"column":2},"end":{"line":97,"column":2}}},"8":{"name":"setCeiling","line":102,"loc":{"start":{"line":102,"column":2},"end":{"line":104,"column":2}}},"9":{"name":"onlyAdmin","line":106,"loc":{"start":{"line":106,"column":2},"end":{"line":109,"column":2}}},"10":{"name":"onlySentinel","line":111,"loc":{"start":{"line":111,"column":2},"end":{"line":114,"column":2}}},"11":{"name":"burn","line":120,"loc":{"start":{"line":120,"column":4},"end":{"line":122,"column":4}}},"12":{"name":"burnFrom","line":135,"loc":{"start":{"line":135,"column":4},"end":{"line":140,"column":4}}},"13":{"name":"lowerHasMinted","line":145,"loc":{"start":{"line":145,"column":4},"end":{"line":147,"column":4}}}},"statementMap":{"1":{"start":{"line":46,"column":4},"end":{"line":46,"column":37}},"2":{"start":{"line":47,"column":4},"end":{"line":47,"column":40}},"3":{"start":{"line":48,"column":4},"end":{"line":48,"column":42}},"4":{"start":{"line":49,"column":4},"end":{"line":49,"column":39}},"5":{"start":{"line":54,"column":4},"end":{"line":54,"column":72}},"6":{"start":{"line":65,"column":4},"end":{"line":65,"column":70}},"7":{"start":{"line":66,"column":4},"end":{"line":66,"column":55}},"8":{"start":{"line":67,"column":4},"end":{"line":67,"column":84}},"9":{"start":{"line":68,"column":4},"end":{"line":68,"column":67}},"10":{"start":{"line":69,"column":4},"end":{"line":69,"column":61}},"11":{"start":{"line":70,"column":4},"end":{"line":70,"column":29}},"12":{"start":{"line":78,"column":4},"end":{"line":78,"column":35}},"13":{"start":{"line":85,"column":4},"end":{"line":85,"column":42}},"14":{"start":{"line":91,"column":4},"end":{"line":91,"column":33}},"15":{"start":{"line":95,"column":4},"end":{"line":95,"column":28}},"16":{"start":{"line":96,"column":4},"end":{"line":96,"column":27}},"17":{"start":{"line":103,"column":4},"end":{"line":103,"column":36}},"18":{"start":{"line":107,"column":4},"end":{"line":107,"column":57}},"19":{"start":{"line":112,"column":4},"end":{"line":112,"column":63}},"20":{"start":{"line":121,"column":8},"end":{"line":121,"column":34}},"21":{"start":{"line":136,"column":8},"end":{"line":136,"column":121}},"22":{"start":{"line":138,"column":8},"end":{"line":138,"column":58}},"23":{"start":{"line":139,"column":8},"end":{"line":139,"column":29}},"24":{"start":{"line":146,"column":8},"end":{"line":146,"column":64}}},"branchMap":{"1":{"line":54,"type":"if","locations":[{"start":{"line":54,"column":4},"end":{"line":54,"column":4}},{"start":{"line":54,"column":4},"end":{"line":54,"column":4}}]},"2":{"line":65,"type":"if","locations":[{"start":{"line":65,"column":4},"end":{"line":65,"column":4}},{"start":{"line":65,"column":4},"end":{"line":65,"column":4}}]},"3":{"line":67,"type":"if","locations":[{"start":{"line":67,"column":4},"end":{"line":67,"column":4}},{"start":{"line":67,"column":4},"end":{"line":67,"column":4}}]},"4":{"line":68,"type":"if","locations":[{"start":{"line":68,"column":4},"end":{"line":68,"column":4}},{"start":{"line":68,"column":4},"end":{"line":68,"column":4}}]},"5":{"line":107,"type":"if","locations":[{"start":{"line":107,"column":4},"end":{"line":107,"column":4}},{"start":{"line":107,"column":4},"end":{"line":107,"column":4}}]},"6":{"line":112,"type":"if","locations":[{"start":{"line":112,"column":4},"end":{"line":112,"column":4}},{"start":{"line":112,"column":4},"end":{"line":112,"column":4}}]}}},"contracts/interfaces/IChainlink.sol":{"l":{},"path":"/Users/shr1ftyy/Personal/Computing/bounties/alcx/alchemix-protocol/contracts/interfaces/IChainlink.sol","s":{},"b":{},"f":{},"fnMap":{},"statementMap":{},"branchMap":{}},"contracts/interfaces/ICurveMetaFactory.sol":{"l":{},"path":"/Users/shr1ftyy/Personal/Computing/bounties/alcx/alchemix-protocol/contracts/interfaces/ICurveMetaFactory.sol","s":{},"b":{},"f":{},"fnMap":{},"statementMap":{},"branchMap":{}},"contracts/interfaces/IDetailedERC20.sol":{"l":{},"path":"/Users/shr1ftyy/Personal/Computing/bounties/alcx/alchemix-protocol/contracts/interfaces/IDetailedERC20.sol","s":{},"b":{},"f":{},"fnMap":{},"statementMap":{},"branchMap":{}},"contracts/interfaces/IERC20Burnable.sol":{"l":{},"path":"/Users/shr1ftyy/Personal/Computing/bounties/alcx/alchemix-protocol/contracts/interfaces/IERC20Burnable.sol","s":{},"b":{},"f":{},"fnMap":{},"statementMap":{},"branchMap":{}},"contracts/interfaces/IMintableERC20.sol":{"l":{},"path":"/Users/shr1ftyy/Personal/Computing/bounties/alcx/alchemix-protocol/contracts/interfaces/IMintableERC20.sol","s":{},"b":{},"f":{},"fnMap":{},"statementMap":{},"branchMap":{}},"contracts/interfaces/IStakingPools.sol":{"l":{},"path":"/Users/shr1ftyy/Personal/Computing/bounties/alcx/alchemix-protocol/contracts/interfaces/IStakingPools.sol","s":{},"b":{},"f":{},"fnMap":{},"statementMap":{},"branchMap":{}},"contracts/interfaces/ITransmuter.sol":{"l":{},"path":"/Users/shr1ftyy/Personal/Computing/bounties/alcx/alchemix-protocol/contracts/interfaces/ITransmuter.sol","s":{},"b":{},"f":{},"fnMap":{},"statementMap":{},"branchMap":{}},"contracts/interfaces/IVaultAdapter.sol":{"l":{},"path":"/Users/shr1ftyy/Personal/Computing/bounties/alcx/alchemix-protocol/contracts/interfaces/IVaultAdapter.sol","s":{},"b":{},"f":{},"fnMap":{},"statementMap":{},"branchMap":{}},"contracts/interfaces/IWETH9.sol":{"l":{},"path":"/Users/shr1ftyy/Personal/Computing/bounties/alcx/alchemix-protocol/contracts/interfaces/IWETH9.sol","s":{},"b":{},"f":{},"fnMap":{},"statementMap":{},"branchMap":{}},"contracts/interfaces/IYearnController.sol":{"l":{},"path":"/Users/shr1ftyy/Personal/Computing/bounties/alcx/alchemix-protocol/contracts/interfaces/IYearnController.sol","s":{},"b":{},"f":{},"fnMap":{},"statementMap":{},"branchMap":{}},"contracts/interfaces/IYearnVault.sol":{"l":{},"path":"/Users/shr1ftyy/Personal/Computing/bounties/alcx/alchemix-protocol/contracts/interfaces/IYearnVault.sol","s":{},"b":{},"f":{},"fnMap":{},"statementMap":{},"branchMap":{}},"contracts/interfaces/IyVaultV2.sol":{"l":{},"path":"/Users/shr1ftyy/Personal/Computing/bounties/alcx/alchemix-protocol/contracts/interfaces/IyVaultV2.sol","s":{},"b":{},"f":{},"fnMap":{},"statementMap":{},"branchMap":{}},"contracts/libraries/alchemist/CDP.sol":{"l":{"35":498,"36":498,"37":0,"38":0,"39":0,"41":498,"43":498,"50":232,"59":232,"63":235,"64":235,"65":235,"68":0,"69":0,"70":0,"73":0,"77":0,"78":0,"79":0,"82":0,"83":0,"84":0,"87":0,"97":733,"98":733,"100":733,"101":733,"104":0,"124":232,"125":232,"126":4,"128":228},"path":"/Users/shr1ftyy/Personal/Computing/bounties/alcx/alchemix-protocol/contracts/libraries/alchemist/CDP.sol","s":{"1":498,"2":498,"3":0,"4":0,"5":0,"6":498,"7":498,"8":232,"9":232,"10":235,"11":235,"12":235,"13":0,"14":0,"15":0,"16":0,"17":0,"18":0,"19":0,"20":0,"21":0,"22":0,"23":0,"24":733,"25":733,"26":733,"27":733,"28":0,"29":232,"30":232,"31":4,"32":228},"b":{"1":[0,498],"2":[230,2],"3":[235,0],"4":[0,0],"5":[0,0],"6":[0,0],"7":[733,0],"8":[4,228]},"f":{"1":498,"2":232,"3":232,"4":235,"5":0,"6":733,"7":232},"fnMap":{"1":{"name":"update","line":34,"loc":{"start":{"line":34,"column":2},"end":{"line":44,"column":2}}},"2":{"name":"checkHealth","line":49,"loc":{"start":{"line":49,"column":2},"end":{"line":51,"column":2}}},"3":{"name":"isHealthy","line":58,"loc":{"start":{"line":58,"column":2},"end":{"line":60,"column":2}}},"4":{"name":"getUpdatedTotalDebt","line":62,"loc":{"start":{"line":62,"column":2},"end":{"line":74,"column":2}}},"5":{"name":"getUpdatedTotalCredit","line":76,"loc":{"start":{"line":76,"column":2},"end":{"line":88,"column":2}}},"6":{"name":"getEarnedYield","line":96,"loc":{"start":{"line":96,"column":2},"end":{"line":108,"column":2}}},"7":{"name":"getCollateralizationRatio","line":120,"loc":{"start":{"line":120,"column":2},"end":{"line":129,"column":2}}}},"statementMap":{"1":{"start":{"line":35,"column":4},"end":{"line":35,"column":53}},"2":{"start":{"line":36,"column":4},"end":{"line":36,"column":1134}},"3":{"start":{"line":37,"column":6},"end":{"line":37,"column":49}},"4":{"start":{"line":38,"column":6},"end":{"line":38,"column":24}},"5":{"start":{"line":39,"column":6},"end":{"line":39,"column":60}},"6":{"start":{"line":41,"column":6},"end":{"line":41,"column":56}},"7":{"start":{"line":43,"column":4},"end":{"line":43,"column":65}},"8":{"start":{"line":50,"column":4},"end":{"line":50,"column":39}},"9":{"start":{"line":59,"column":4},"end":{"line":59,"column":86}},"10":{"start":{"line":63,"column":4},"end":{"line":63,"column":56}},"11":{"start":{"line":64,"column":4},"end":{"line":64,"column":2280}},"12":{"start":{"line":65,"column":6},"end":{"line":65,"column":28}},"13":{"start":{"line":68,"column":4},"end":{"line":68,"column":47}},"14":{"start":{"line":69,"column":4},"end":{"line":69,"column":2398}},"15":{"start":{"line":70,"column":6},"end":{"line":70,"column":14}},"16":{"start":{"line":73,"column":4},"end":{"line":73,"column":46}},"17":{"start":{"line":77,"column":4},"end":{"line":77,"column":56}},"18":{"start":{"line":78,"column":4},"end":{"line":78,"column":2689}},"19":{"start":{"line":79,"column":6},"end":{"line":79,"column":30}},"20":{"start":{"line":82,"column":4},"end":{"line":82,"column":47}},"21":{"start":{"line":83,"column":4},"end":{"line":83,"column":2809}},"22":{"start":{"line":84,"column":6},"end":{"line":84,"column":14}},"23":{"start":{"line":87,"column":4},"end":{"line":87,"column":68}},"24":{"start":{"line":97,"column":4},"end":{"line":97,"column":99}},"25":{"start":{"line":98,"column":4},"end":{"line":98,"column":101}},"26":{"start":{"line":100,"column":4},"end":{"line":100,"column":3483}},"27":{"start":{"line":101,"column":6},"end":{"line":101,"column":14}},"28":{"start":{"line":104,"column":4},"end":{"line":104,"column":3597}},"29":{"start":{"line":124,"column":4},"end":{"line":124,"column":56}},"30":{"start":{"line":125,"column":4},"end
[...]
54,"column":46}},"43":{"start":{"line":355,"column":8},"end":{"line":355,"column":33}},"44":{"start":{"line":356,"column":8},"end":{"line":356,"column":47}},"45":{"start":{"line":357,"column":8},"end":{"line":357,"column":12519}},"46":{"start":{"line":358,"column":12},"end":{"line":358,"column":40}},"47":{"start":{"line":359,"column":12},"end":{"line":359,"column":42}},"48":{"start":{"line":361,"column":12},"end":{"line":361,"column":60}},"49":{"start":{"line":363,"column":8},"end":{"line":363,"column":47}},"50":{"start":{"line":377,"column":8},"end":{"line":377,"column":35}},"51":{"start":{"line":378,"column":8},"end":{"line":378,"column":105}},"52":{"start":{"line":379,"column":8},"end":{"line":379,"column":72}},"53":{"start":{"line":380,"column":8},"end":{"line":380,"column":60}},"54":{"start":{"line":381,"column":8},"end":{"line":381,"column":59}},"55":{"start":{"line":382,"column":8},"end":{"line":382,"column":42}},"56":{"start":{"line":395,"column":8},"end":{"line":395,"column":49}},"57":{"start":{"line":398,"column":8},"end":{"line":398,"column":35}},"58":{"start":{"line":400,"column":8},"end":{"line":400,"column":78}},"59":{"start":{"line":401,"column":8},"end":{"line":401,"column":60}},"60":{"start":{"line":402,"column":8},"end":{"line":402,"column":72}},"61":{"start":{"line":403,"column":8},"end":{"line":403,"column":40}},"62":{"start":{"line":417,"column":8},"end":{"line":417,"column":35}},"63":{"start":{"line":418,"column":8},"end":{"line":418,"column":49}},"64":{"start":{"line":419,"column":8},"end":{"line":419,"column":20}},"65":{"start":{"line":421,"column":8},"end":{"line":421,"column":62}},"66":{"start":{"line":423,"column":8},"end":{"line":423,"column":33}},"67":{"start":{"line":426,"column":8},"end":{"line":426,"column":15114}},"68":{"start":{"line":427,"column":12},"end":{"line":427,"column":57}},"69":{"start":{"line":430,"column":12},"end":{"line":430,"column":47}},"70":{"start":{"line":434,"column":8},"end":{"line":434,"column":74}},"71":{"start":{"line":437,"column":8},"end":{"line":437,"column":45}},"72":{"start":{"line":440,"column":8},"end":{"line":440,"column":62}},"73":{"start":{"line":443,"column":8},"end":{"line":443,"column":32}},"74":{"start":{"line":446,"column":8},"end":{"line":446,"column":68}},"75":{"start":{"line":448,"column":8},"end":{"line":448,"column":44}},"76":{"start":{"line":468,"column":8},"end":{"line":468,"column":54}},"77":{"start":{"line":470,"column":8},"end":{"line":470,"column":16625}},"78":{"start":{"line":476,"column":8},"end":{"line":476,"column":38}},"79":{"start":{"line":479,"column":8},"end":{"line":479,"column":67}},"80":{"start":{"line":482,"column":8},"end":{"line":482,"column":48}},"81":{"start":{"line":485,"column":8},"end":{"line":485,"column":41}},"82":{"start":{"line":488,"column":8},"end":{"line":488,"column":45}},"83":{"start":{"line":490,"column":8},"end":{"line":490,"column":62}},"84":{"start":{"line":493,"column":8},"end":{"line":493,"column":72}},"85":{"start":{"line":496,"column":8},"end":{"line":496,"column":78}},"86":{"start":{"line":498,"column":8},"end":{"line":498,"column":51}},"87":{"start":{"line":500,"column":8},"end":{"line":500,"column":47}},"88":{"start":{"line":503,"column":8},"end":{"line":503,"column":38}},"89":{"start":{"line":505,"column":8},"end":{"line":505,"column":36}},"90":{"start":{"line":506,"column":8},"end":{"line":506,"column":43}},"91":{"start":{"line":508,"column":8},"end":{"line":508,"column":64}},"92":{"start":{"line":515,"column":8},"end":{"line":515,"column":18}},"93":{"start":{"line":516,"column":8},"end":{"line":516,"column":58}},"94":{"start":{"line":517,"column":8},"end":{"line":517,"column":26}},"95":{"start":{"line":524,"column":8},"end":{"line":524,"column":18}},"96":{"start":{"line":525,"column":8},"end":{"line":525,"column":19}},"97":{"start":{"line":532,"column":8},"end":{"line":532,"column":18}},"98":{"start":{"line":533,"column":8},"end":{"line":533,"column":19}},"99":{"start":{"line":534,"column":8},"end":{"line":534,"column":58}},"100":{"start":{"line":535,"column":8},"end":{"line":535,"column":26}},"101":{"start":{"line":546,"column":8},"end":{"line":546,"column":49}},"102":{"start":{"line":547,"column":8},"end":{"line":547,"column":76}},"103":{"start":{"line":548,"column":8},"end":{"line":548,"column":34}},"104":{"start":{"line":549,"column":8},"end":{"line":549,"column":34}},"105":{"start":{"line":550,"column":8},"end":{"line":550,"column":41}},"106":{"start":{"line":557,"column":8},"end":{"line":557,"column":19905}},"107":{"start":{"line":558,"column":12},"end":{"line":558,"column":19965}},"108":{"start":{"line":561,"column":12},"end":{"line":561,"column":62}},"109":{"start":{"line":563,"column":12},"end":{"line":563,"column":38}},"110":{"start":{"line":585,"column":8},"end":{"line":585,"column":54}},"111":{"start":{"line":586,"column":8},"end":{"line":586,"column":103}},"112":{"start":{"line":587,"column":8},"end":{"line":587,"column":20888}},"113":{"start":{"line":588,"column":12},"end":{"line":588,"column":33}},"114":{"start":{"line":590,"column":8},"end":{"line":590,"column":98}},"115":{"start":{"line":591,"column":8},"end":{"line":591,"column":74}},"116":{"start":{"line":592,"column":8},"end":{"line":592,"column":48}},"117":{"start":{"line":593,"column":8},"end":{"line":593,"column":65}},"118":{"start":{"line":611,"column":8},"end":{"line":611,"column":24}},"119":{"start":{"line":612,"column":8},"end":{"line":612,"column":33}},"120":{"start":{"line":613,"column":8},"end":{"line":613,"column":60}},"121":{"start":{"line":614,"column":8},"end":{"line":614,"column":64}},"122":{"start":{"line":615,"column":8},"end":{"line":615,"column":21}},"123":{"start":{"line":616,"column":8},"end":{"line":616,"column":103}},"124":{"start":{"line":617,"column":8},"end":{"line":617,"column":22245}},"125":{"start":{"line":618,"column":12},"end":{"line":618,"column":33}},"126":{"start":{"line":620,"column":8},"end":{"line":620,"column":22361}},"127":{"start":{"line":621,"column":12},"end":{"line":621,"column":40}},"128":{"start":{"line":622,"column":12},"end":{"line":622,"column":59}},"129":{"start":{"line":623,"column":12},"end":{"line":623,"column":173}},"130":{"start":{"line":624,"column":12},"end":{"line":624,"column":17}},"131":{"start":{"line":625,"column":12},"end":{"line":625,"column":17}},"132":{"start":{"line":627,"column":8},"end":{"line":627,"column":43}},"133":{"start":{"line":639,"column":8},"end":{"line":639,"column":56}},"134":{"start":{"line":640,"column":8},"end":{"line":640,"column":23}},"135":{"start":{"line":641,"column":8},"end":{"line":641,"column":73}},"136":{"start":{"line":652,"column":8},"end":{"line":652,"column":71}},"137":{"start":{"line":654,"column":8},"end":{"line":654,"column":45}},"138":{"start":{"line":656,"column":8},"end":{"line":656,"column":57}},"139":{"start":{"line":663,"column":8},"end":{"line":663,"column":68}},"140":{"start":{"line":664,"column":8},"end":{"line":664,"column":54}},"141":{"start":{"line":665,"column":8},"end":{"line":665,"column":38}},"142":{"start":{"line":667,"column":8},"end":{"line":667,"column":50}},"143":{"start":{"line":677,"column":8},"end":{"line":677,"column":39}},"144":{"start":{"line":678,"column":8},"end":{"line":678,"column":47}},"145":{"start":{"line":688,"column":8},"end":{"line":688,"column":35}},"146":{"start":{"line":689,"column":8},"end":{"line":689,"column":25241}},"147":{"start":{"line":690,"column":12},"end":{"line":690,"column":44}},"148":{"start":{"line":692,"column":8},"end":{"line":692,"column":42}},"149":{"start":{"line":701,"column":8},"end":{"line":701,"column":63}},"150":{"start":{"line":702,"column":8},"end":{"line":702,"column":95}},"151":{"start":{"line":704,"column":8},"end":{"line":704,"column":35}},"152":{"start":{"line":706,"column":8},"end":{"line":706,"column":25}},"153":{"start":{"line":710,"column":8},"end":{"line":710,"column":35}},"154":{"start":{"line":720,"column":8},"end":{"line":720,"column":125}},"155":{"start":{"line":721,"column":8},"end":{"line":721,"column":87}},"156":{"start":{"line":722,"column":8},"end":{"line":722,"column":61}},"157":{"start":{"line":723,"column":8},"end":{"line":723,"column":32}},"158":{"start":{"line":724,"column":8},"end":{"line":724,"column":26828}},"159":{"start":{"line":729,"column":8},"end":{"line":729,"column":41}},"160":{"start":{"line":736,"column":8},"end":{"line":736,"column":31}},"161":{"start":{"line":745,"column":8},"end":{"line":745,"column":72}},"162":{"start":{"line":746,"column":8},"end":{"line":746,"column":38}},"163":{"start":{"line":755,"column":8},"end":{"line":755,"column":72}},"164":{"start":{"line":756,"column":8},"end":{"line":756,"column":36}},"165":{"start":{"line":764,"column":8},"end":{"line":764,"column":75}},"166":{"start":{"line":765,"column":8},"end":{"line":765,"column":28290}},"167":{"start":{"line":766,"column":12},"end":{"line":766,"column":43}},"168":{"start":{"line":768,"column":12},"end":{"line":768,"column":74}},"169":{"start":{"line":776,"column":8},"end":{"line":776,"column":134}},"170":{"start":{"line":777,"column":8},"end":{"line":777,"column":41}},"171":{"start":{"line":784,"column":8},"end":{"line":784,"column":72}},"172":{"start":{"line":785,"column":8},"end":{"line":785,"column":95}},"173":{"start":{"line":786,"column":8},"end":{"line":786,"column":71}},"174":{"start":{"line":794,"column":8},"end":{"line":794,"column":134}},"175":{"start":{"line":795,"column":8},"end":{"line":795,"column":47}},"176":{"start":{"line":803,"column":8},"end":{"line":803,"column":72}},"177":{"start":{"line":804,"column":8},"end":{"line":804,"column":101}},"178":{"start":{"line":805,"column":8},"end":{"line":805,"column":71}},"179":{"start":{"line":812,"column":8},"end":{"line":812,"column":58}},"180":{"start":{"line":821,"column":8},"end":{"line":821,"column":68}},"181":{"start":{"line":822,"column":8},"end":{"line":822,"column":76}},"182":{"start":{"line":823,"column":8},"end":{"line":823,"column":31153}},"183":{"start":{"line":824,"column":12},"end":{"line":824,"column":55}},"184":{"start":{"line":826,"column":12},"end":{"line":826,"column":75}},"185":{"start":{"line":827,"column":12},"end":{"line":827,"column":41}},"186":{"start":{"line":828,"column":15},"end":{"line":828,"column":31460}},"187":{"start":{"line":831,"column":12},"end":{"line":831,"column":57}},"188":{"start":{"line":832,"column":12},"end":{"line":832,"column":56}},"189":{"start":{"line":842,"column":8},"end":{"line":842,"column":71}},"190":{"start":{"line":843,"column":8},"end":{"line":843,"column":58}},"191":{"start":{"line":844,"column":8},"end":{"line":844,"column":32227}},"192":{"start":{"line":845,"column":12},"end":{"line":845,"column":38}},"193":{"start":{"line":847,"column":8},"end":{"line":847,"column":32321}},"194":{"start":{"line":848,"column":12},"end":{"line":848,"column":50}},"195":{"start":{"line":856,"column":8},"end":{"line":856,"column":88}},"196":{"start":{"line":857,"column":8},"end":{"line":857,"column":27}},"197":{"start":{"line":858,"column":8},"end":{"line":858,"column":39}},"198":{"start":{"line":867,"column":8},"end":{"line":867,"column":47}},"199":{"start":{"line":868,"column":8},"end":{"line":868,"column":59}},"200":{"start":{"line":877,"column":8},"end":{"line":877,"column":41}},"201":{"start":{"line":878,"column":8},"end":{"line":878,"column":53}},"202":{"start":{"line":887,"column":8},"end":{"line":887,"column":47}},"203":{"start":{"line":888,"column":8},"end":{"line":888,"column":59}},"204":{"start":{"line":901,"column":8},"end":{"line":901,"column":88}},"205":{"start":{"line":902,"column":8},"end":{"line":902,"column":21}},"206":{"start":{"line":903,"column":8},"end":{"line":903,"column":33}},"207":{"start":{"line":913,"column":8},"end":{"line":913,"column":72}},"208":{"start":{"line":915,"column":8},"end":{"line":915,"column":85}},"209":{"start":{"line":917,"column":8},"end":{"line":917,"column":62}},"210":{"start":{"line":919,"column":8},"end":{"line":919,"column":50}},"211":{"start":{"line":930,"column":8},"end":{"line":930,"column":86}},"212":{"start":{"line":932,"column":8},"end":{"line":932,"column":25}},"213":{"start":{"line":934,"column":8},"end":{"line":934,"column":37}},"214":{"start":{"line":941,"column":8},"end":{"line":941,"column":64}},"215":{"start":{"line":942,"column":8},"end":{"line":942,"column":58}},"216":{"start":{"line":945,"column":8},"end":{"line":945,"column":75}},"217":{"start":{"line":946,"column":8},"end":{"line":946,"column":107}},"218":{"start":{"line":947,"column":8},"end":{"line":947,"column":64}},"219":{"start":{"line":948,"column":8},"end":{"line":948,"column":72}},"220":{"start":{"line":949,"column":8},"end":{"line":949,"column":58}},"221":{"start":{"line":956,"column":8},"end":{"line":956,"column":58}}},"branchMap":{"1":{"line":223,"type":"if","locations":[{"start":{"line":223,"column":8},"end":{"line":223,"column":8}},{"start":{"line":223,"column":8},"end":{"line":223,"column":8}}]},"2":{"line":242,"type":"if","locations":[{"start":{"line":242,"column":12},"end":{"line":242,"column":12}},{"start":{"line":242,"column":12},"end":{"line":242,"column":12}}]},"3":{"line":249,"type":"if","locations":[{"start":{"line":249,"column":8},"end":{"line":249,"column":8}},{"start":{"line":249,"column":8},"end":{"line":249,"column":8}}]},"4":{"line":258,"type":"if","locations":[{"start":{"line":258,"column":8},"end":{"line":258,"column":8}},{"start":{"line":258,"column":8},"end":{"line":258,"column":8}}]},"5":{"line":274,"type":"if","locations":[{"start":{"line":274,"column":8},"end":{"line":274,"column":8}},{"start":{"line":274,"column":8},"end":{"line":274,"column":8}}]},"6":{"line":282,"type":"if","locations":[{"start":{"line":282,"column":12},"end":{"line":282,"column":12}},{"start":{"line":282,"column":12},"end":{"line":282,"column":12}}]},"7":{"line":287,"type":"if","locations":[{"start":{"line":287,"column":16},"end":{"line":287,"column":16}},{"start":{"line":287,"column":16},"end":{"line":287,"column":16}}]},"8":{"line":294,"type":"if","locations":[{"start":{"line":294,"column":12},"end":{"line":294,"column":12}},{"start":{"line":294,"column":12},"end":{"line":294,"column":12}}]},"9":{"line":311,"type":"if","locations":[{"start":{"line":311,"column":8},"end":{"line":311,"column":8}},{"start":{"line":311,"column":8},"end":{"line":311,"column":8}}]},"10":{"line":317,"type":"if","locations":[{"start":{"line":317,"column":8},"end":{"line":317,"column":8}},{"start":{"line":317,"column":8},"end":{"line":317,"column":8}}]},"11":{"line":325,"type":"if","locations":[{"start":{"line":325,"column":8},"end":{"line":325,"column":8}},{"start":{"line":325,"column":8},"end":{"line":325,"column":8}}]},"12":{"line":332,"type":"if","locations":[{"start":{"line":332,"column":8},"end":{"line":332,"column":8}},{"start":{"line":332,"column":8},"end":{"line":332,"column":8}}]},"13":{"line":353,"type":"if","locations":[{"start":{"line":353,"column":8},"end":{"line":353,"column":8}},{"start":{"line":353,"column":8},"end":{"line":353,"column":8}}]},"14":{"line":357,"type":"if","locations":[{"start":{"line":357,"column":8},"end":{"line":357,"column":8}},{"start":{"line":357,"column":8},"end":{"line":357,"column":8}}]},"15":{"line":378,"type":"if","locations":[{"start":{"line":378,"column":8},"end":{"line":378,"column":8}},{"start":{"line":378,"column":8},"end":{"line":378,"column":8}}]},"16":{"line":395,"type":"if","locations":[{"start":{"line":395,"column":8},"end":{"line":395,"column":8}},{"start":{"line":395,"column":8},"end":{"line":395,"column":8}}]},"17":{"line":421,"type":"if","locations":[{"start":{"line":421,"column":8},"end":{"line":421,"column":8}},{"start":{"line":421,"column":8},"end":{"line":421,"column":8}}]},"18":{"line":426,"type":"if","locations":[{"start":{"line":426,"column":8},"end":{"line":426,"column":8}},{"start":{"line":426,"column":8},"end":{"line":426,"column":8}}]},"19":{"line":470,"type":"if","locations":[{"start":{"line":470,"column":8},"end":{"line":470,"column":8}},{"start":{"line":470,"column":8},"end":{"line":470,"column":8}}]},"20":{"line":546,"type":"if","locations":[{"start":{"line":546,"column":8},"end":{"line":546,"column":8}},{"start":{"line":546,"column":8},"end":{"line":546,"column":8}}]},"21":{"line":557,"type":"if","locations":[{"start":{"line":557,"column":8},"end":{"line":557,"column":8}},{"start":{"line":557,"column":8},"end":{"line":557,"column":8}}]},"22":{"line":587,"type":"if","locations":[{"start":{"line":587,"column":8},"end":{"line":587,"column":8}},{"start":{"line":587,"column":8},"end":{"line":587,"column":8}}]},"23":{"line":617,"type":"if","locations":[{"start":{"line":617,"column":8},"end":{"line":617,"column":8}},{"start":{"line":617,"column":8},"end":{"line":617,"column":8}}]},"24":{"line":652,"type":"if","locations":[{"start":{"line":652,"column":8},"end":{"line":652,"column":8}},{"start":{"line":652,"column":8},"end":{"line":652,"column":8}}]},"25":{"line":663,"type":"if","locations":[{"start":{"line":663,"column":8},"end":{"line":663,"column":8}},{"start":{"line":663,"column":8},"end":{"line":663,"column":8}}]},"26":{"line":701,"type":"if","locations":[{"start":{"line":701,"column":8},"end":{"line":701,"column":8}},{"start":{"line":701,"column":8},"end":{"line":701,"column":8}}]},"27":{"line":702,"type":"if","locations":[{"start":{"line":702,"column":8},"end":{"line":702,"column":8}},{"start":{"line":702,"column":8},"end":{"line":702,"column":8}}]},"28":{"line":720,"type":"if","locations":[{"start":{"line":720,"column":8},"end":{"line":720,"column":8}},{"start":{"line":720,"column":8},"end":{"line":720,"column":8}}]},"29":{"line":721,"type":"if","locations":[{"start":{"line":721,"column":8},"end":{"line":721,"column":8}},{"start":{"line":721,"column":8},"end":{"line":721,"column":8}}]},"30":{"line":722,"type":"if","locations":[{"start":{"line":722,"column":8},"end":{"line":722,"column":8}},{"start":{"line":722,"column":8},"end":{"line":722,"column":8}}]},"31":{"line":765,"type":"if","locations":[{"start":{"line":765,"column":8},"end":{"line":765,"column":8}},{"start":{"line":765,"column":8},"end":{"line":765,"column":8}}]},"32":{"line":776,"type":"if","locations":[{"start":{"line":776,"column":8},"end":{"line":776,"column":8}},{"start":{"line":776,"column":8},"end":{"line":776,"column":8}}]},"33":{"line":794,"type":"if","locations":[{"start":{"line":794,"column":8},"end":{"line":794,"column":8}},{"start":{"line":794,"column":8},"end":{"line":794,"column":8}}]},"34":{"line":823,"type":"if","locations":[{"start":{"line":823,"column":8},"end":{"line":823,"column":8}},{"start":{"line":823,"column":8},"end":{"line":823,"column":8}}]},"35":{"line":828,"type":"if","locations":[{"start":{"line":828,"column":15},"end":{"line":828,"column":15}},{"start":{"line":828,"column":15},"end":{"line":828,"column":15}}]},"36":{"line":844,"type":"if","locations":[{"start":{"line":844,"column":8},"end":{"line":844,"column":8}},{"start":{"line":844,"column":8},"end":{"line":844,"column":8}}]},"37":{"line":847,"type":"if","locations":[{"start":{"line":847,"column":8},"end":{"line":847,"column":8}},{"start":{"line":847,"column":8},"end":{"line":847,"column":8}}]},"38":{"line":856,"type":"if","locations":[{"start":{"line":856,"column":8},"end":{"line":856,"column":8}},{"start":{"line":856,"column":8},"end":{"line":856,"column":8}}]},"39":{"line":901,"type":"if","locations":[{"start":{"line":901,"column":8},"end":{"line":901,"column":8}},{"start":{"line":901,"column":8},"end":{"line":901,"column":8}}]},"40":{"line":930,"type":"if","locations":[{"start":{"line":930,"column":8},"end":{"line":930,"column":8}},{"start":{"line":930,"column":8},"end":{"line":930,"column":8}}]},"41":{"line":941,"type":"if","locations":[{"start":{"line":941,"column":8},"end":{"line":941,"column":8}},{"start":{"line":941,"column":8},"end":{"line":941,"column":8}}]},"42":{"line":942,"type":"if","locations":[{"start":{"line":942,"column":8},"end":{"line":942,"column":8}},{"start":{"line":942,"column":8},"end":{"line":942,"column":8}}]}}}}